2020-04-13 16:47:45 - ==== config ====
2020-04-13 16:47:45 - model_name simple_model
2020-04-13 16:47:45 - batch_size 10
2020-04-13 16:47:45 - num_epochs 100
2020-04-13 16:47:45 - ngpu 4
2020-04-13 16:47:45 - num_workers 4
2020-04-13 16:47:45 - lr 0.0002
2020-04-13 16:47:45 - uaph_path ./data/ctu/uaph.csv
2020-04-13 16:47:45 - data_path ./data/ctu/ctu_csv/
2020-04-13 16:47:45 - uaph_threshold 7.05
2020-04-13 16:47:45 - ================
2020-04-13 16:47:45 - dir_path: ./log/200413_164745_simple_model
2020-04-13 16:47:45 - seed: 999
2020-04-13 16:47:45 - train_size:441, val_size:111
2020-04-13 16:47:51 - Net(
  (seq): Sequential(
    (0): MaxPool1d(kernel_size=4, stride=4, padding=0, dilation=1, ceil_mode=False)
    (1): Conv1d(1, 10, kernel_size=(15,), stride=(1,), padding=(7,))
    (2): BatchNorm1d(10, eps=1e-05, momentum=0.1, affine=True, track_running_stats=True)
    (3): ReLU()
    (4): Conv1d(10, 10, kernel_size=(15,), stride=(1,), padding=(7,))
    (5): BatchNorm1d(10, eps=1e-05, momentum=0.1, affine=True, track_running_stats=True)
    (6): ReLU()
    (7): MaxPool1d(kernel_size=2, stride=2, padding=0, dilation=1, ceil_mode=False)
    (8): Conv1d(10, 20, kernel_size=(15,), stride=(1,), padding=(7,))
    (9): BatchNorm1d(20, eps=1e-05, momentum=0.1, affine=True, track_running_stats=True)
    (10): ReLU()
    (11): MaxPool1d(kernel_size=2, stride=2, padding=0, dilation=1, ceil_mode=False)
    (12): Conv1d(20, 40, kernel_size=(15,), stride=(1,), padding=(7,))
    (13): BatchNorm1d(40, eps=1e-05, momentum=0.1, affine=True, track_running_stats=True)
    (14): ReLU()
    (15): MaxPool1d(kernel_size=2, stride=2, padding=0, dilation=1, ceil_mode=False)
    (16): Flatten()
    (17): Linear(in_features=18000, out_features=60, bias=True)
    (18): Linear(in_features=60, out_features=2, bias=True)
    (19): Softmax(dim=None)
  )
)
2020-04-13 16:47:52 - epoch: 1, phase: val, loss: 3.5260
2020-04-13 16:47:52 - [tp: 0 fn: 8] [fp: 0 tn: 103]
2020-04-13 16:47:52 - tpr: 0.000, tnr: 1.000
2020-04-13 16:47:52 - acc: 0.928, prec: -1.000, f1: 0.000
2020-04-13 16:47:53 - epoch: 2, phase: train, loss: 2.8937
2020-04-13 16:47:53 - [tp: 2 fn: 30] [fp: 25 tn: 384]
2020-04-13 16:47:53 - tpr: 0.062, tnr: 0.939
2020-04-13 16:47:53 - acc: 0.875, prec: 0.074, f1: 0.068
2020-04-13 16:47:53 - epoch: 2, phase: val, loss: 2.0617
2020-04-13 16:47:53 - [tp: 2 fn: 6] [fp: 4 tn: 99]
2020-04-13 16:47:53 - tpr: 0.250, tnr: 0.961
2020-04-13 16:47:53 - acc: 0.910, prec: 0.333, f1: 0.286
2020-04-13 16:47:54 - epoch: 3, phase: train, loss: 0.7635
2020-04-13 16:47:54 - [tp: 15 fn: 17] [fp: 5 tn: 404]
2020-04-13 16:47:54 - tpr: 0.469, tnr: 0.988
2020-04-13 16:47:54 - acc: 0.950, prec: 0.750, f1: 0.577
2020-04-13 16:47:55 - epoch: 3, phase: val, loss: 2.1726
2020-04-13 16:47:55 - [tp: 0 fn: 8] [fp: 1 tn: 102]
2020-04-13 16:47:55 - tpr: 0.000, tnr: 0.990
2020-04-13 16:47:55 - acc: 0.919, prec: 0.000, f1: -1.000
2020-04-13 16:47:56 - epoch: 4, phase: train, loss: 0.4457
2020-04-13 16:47:56 - [tp: 23 fn: 9] [fp: 3 tn: 406]
2020-04-13 16:47:56 - tpr: 0.719, tnr: 0.993
2020-04-13 16:47:56 - acc: 0.973, prec: 0.885, f1: 0.793
2020-04-13 16:47:56 - epoch: 4, phase: val, loss: 1.8509
2020-04-13 16:47:56 - [tp: 0 fn: 8] [fp: 1 tn: 102]
2020-04-13 16:47:56 - tpr: 0.000, tnr: 0.990
2020-04-13 16:47:56 - acc: 0.919, prec: 0.000, f1: -1.000
2020-04-13 16:47:57 - epoch: 5, phase: train, loss: 0.1958
2020-04-13 16:47:57 - [tp: 27 fn: 5] [fp: 0 tn: 409]
2020-04-13 16:47:57 - tpr: 0.844, tnr: 1.000
2020-04-13 16:47:57 - acc: 0.989, prec: 1.000, f1: 0.915
2020-04-13 16:47:57 - epoch: 5, phase: val, loss: 3.2469
2020-04-13 16:47:57 - [tp: 0 fn: 8] [fp: 0 tn: 103]
2020-04-13 16:47:57 - tpr: 0.000, tnr: 1.000
2020-04-13 16:47:57 - acc: 0.928, prec: -1.000, f1: 0.000
2020-04-13 16:47:58 - epoch: 6, phase: train, loss: 0.1400
2020-04-13 16:47:58 - [tp: 29 fn: 3] [fp: 0 tn: 409]
2020-04-13 16:47:58 - tpr: 0.906, tnr: 1.000
2020-04-13 16:47:58 - acc: 0.993, prec: 1.000, f1: 0.951
2020-04-13 16:47:59 - epoch: 6, phase: val, loss: 2.5109
2020-04-13 16:47:59 - [tp: 2 fn: 6] [fp: 8 tn: 95]
2020-04-13 16:47:59 - tpr: 0.250, tnr: 0.922
2020-04-13 16:47:59 - acc: 0.874, prec: 0.200, f1: 0.222
2020-04-13 16:48:00 - epoch: 7, phase: train, loss: 0.0671
2020-04-13 16:48:00 - [tp: 32 fn: 0] [fp: 0 tn: 409]
2020-04-13 16:48:00 - tpr: 1.000, tnr: 1.000
2020-04-13 16:48:00 - acc: 1.000, prec: 1.000, f1: 1.000
2020-04-13 16:48:00 - epoch: 7, phase: val, loss: 2.8261
2020-04-13 16:48:00 - [tp: 0 fn: 8] [fp: 0 tn: 103]
2020-04-13 16:48:00 - tpr: 0.000, tnr: 1.000
2020-04-13 16:48:00 - acc: 0.928, prec: -1.000, f1: 0.000
2020-04-13 16:48:01 - epoch: 8, phase: train, loss: 0.0431
2020-04-13 16:48:01 - [tp: 32 fn: 0] [fp: 0 tn: 409]
2020-04-13 16:48:01 - tpr: 1.000, tnr: 1.000
2020-04-13 16:48:01 - acc: 1.000, prec: 1.000, f1: 1.000
2020-04-13 16:48:01 - epoch: 8, phase: val, loss: 3.3195
2020-04-13 16:48:01 - [tp: 0 fn: 8] [fp: 0 tn: 103]
2020-04-13 16:48:01 - tpr: 0.000, tnr: 1.000
2020-04-13 16:48:01 - acc: 0.928, prec: -1.000, f1: 0.000
2020-04-13 16:48:02 - epoch: 9, phase: train, loss: 0.0254
2020-04-13 16:48:02 - [tp: 32 fn: 0] [fp: 0 tn: 409]
2020-04-13 16:48:02 - tpr: 1.000, tnr: 1.000
2020-04-13 16:48:02 - acc: 1.000, prec: 1.000, f1: 1.000
2020-04-13 16:48:03 - epoch: 9, phase: val, loss: 3.1743
2020-04-13 16:48:03 - [tp: 0 fn: 8] [fp: 1 tn: 102]
2020-04-13 16:48:03 - tpr: 0.000, tnr: 0.990
2020-04-13 16:48:03 - acc: 0.919, prec: 0.000, f1: -1.000
2020-04-13 16:48:04 - epoch: 10, phase: train, loss: 0.0196
2020-04-13 16:48:04 - [tp: 32 fn: 0] [fp: 0 tn: 409]
2020-04-13 16:48:04 - tpr: 1.000, tnr: 1.000
2020-04-13 16:48:04 - acc: 1.000, prec: 1.000, f1: 1.000
2020-04-13 16:48:04 - epoch: 10, phase: val, loss: 3.2042
2020-04-13 16:48:04 - [tp: 0 fn: 8] [fp: 2 tn: 101]
2020-04-13 16:48:04 - tpr: 0.000, tnr: 0.981
2020-04-13 16:48:04 - acc: 0.910, prec: 0.000, f1: -1.000
2020-04-13 16:48:05 - epoch: 11, phase: train, loss: 0.0137
2020-04-13 16:48:05 - [tp: 32 fn: 0] [fp: 0 tn: 409]
2020-04-13 16:48:05 - tpr: 1.000, tnr: 1.000
2020-04-13 16:48:05 - acc: 1.000, prec: 1.000, f1: 1.000
2020-04-13 16:48:05 - epoch: 11, phase: val, loss: 3.2592
2020-04-13 16:48:05 - [tp: 0 fn: 8] [fp: 1 tn: 102]
2020-04-13 16:48:05 - tpr: 0.000, tnr: 0.990
2020-04-13 16:48:05 - acc: 0.919, prec: 0.000, f1: -1.000
2020-04-13 16:48:06 - epoch: 12, phase: train, loss: 0.0108
2020-04-13 16:48:06 - [tp: 32 fn: 0] [fp: 0 tn: 409]
2020-04-13 16:48:06 - tpr: 1.000, tnr: 1.000
2020-04-13 16:48:06 - acc: 1.000, prec: 1.000, f1: 1.000
2020-04-13 16:48:07 - epoch: 12, phase: val, loss: 3.2395
2020-04-13 16:48:07 - [tp: 0 fn: 8] [fp: 2 tn: 101]
2020-04-13 16:48:07 - tpr: 0.000, tnr: 0.981
2020-04-13 16:48:07 - acc: 0.910, prec: 0.000, f1: -1.000
2020-04-13 16:48:08 - epoch: 13, phase: train, loss: 0.0097
2020-04-13 16:48:08 - [tp: 32 fn: 0] [fp: 0 tn: 409]
2020-04-13 16:48:08 - tpr: 1.000, tnr: 1.000
2020-04-13 16:48:08 - acc: 1.000, prec: 1.000, f1: 1.000
2020-04-13 16:48:08 - epoch: 13, phase: val, loss: 3.1483
2020-04-13 16:48:08 - [tp: 0 fn: 8] [fp: 2 tn: 101]
2020-04-13 16:48:08 - tpr: 0.000, tnr: 0.981
2020-04-13 16:48:08 - acc: 0.910, prec: 0.000, f1: -1.000
2020-04-13 16:48:09 - epoch: 14, phase: train, loss: 0.0066
2020-04-13 16:48:09 - [tp: 32 fn: 0] [fp: 0 tn: 409]
2020-04-13 16:48:09 - tpr: 1.000, tnr: 1.000
2020-04-13 16:48:09 - acc: 1.000, prec: 1.000, f1: 1.000
2020-04-13 16:48:09 - epoch: 14, phase: val, loss: 3.3890
2020-04-13 16:48:09 - [tp: 0 fn: 8] [fp: 1 tn: 102]
2020-04-13 16:48:09 - tpr: 0.000, tnr: 0.990
2020-04-13 16:48:09 - acc: 0.919, prec: 0.000, f1: -1.000
2020-04-13 16:48:10 - epoch: 15, phase: train, loss: 0.0071
2020-04-13 16:48:10 - [tp: 32 fn: 0] [fp: 0 tn: 409]
2020-04-13 16:48:10 - tpr: 1.000, tnr: 1.000
2020-04-13 16:48:10 - acc: 1.000, prec: 1.000, f1: 1.000
2020-04-13 16:48:11 - epoch: 15, phase: val, loss: 3.3287
2020-04-13 16:48:11 - [tp: 0 fn: 8] [fp: 0 tn: 103]
2020-04-13 16:48:11 - tpr: 0.000, tnr: 1.000
2020-04-13 16:48:11 - acc: 0.928, prec: -1.000, f1: 0.000
2020-04-13 16:48:12 - epoch: 16, phase: train, loss: 0.0072
2020-04-13 16:48:12 - [tp: 32 fn: 0] [fp: 0 tn: 409]
2020-04-13 16:48:12 - tpr: 1.000, tnr: 1.000
2020-04-13 16:48:12 - acc: 1.000, prec: 1.000, f1: 1.000
2020-04-13 16:48:12 - epoch: 16, phase: val, loss: 3.3598
2020-04-13 16:48:12 - [tp: 0 fn: 8] [fp: 1 tn: 102]
2020-04-13 16:48:12 - tpr: 0.000, tnr: 0.990
2020-04-13 16:48:12 - acc: 0.919, prec: 0.000, f1: -1.000
2020-04-13 16:48:13 - epoch: 17, phase: train, loss: 0.0053
2020-04-13 16:48:13 - [tp: 32 fn: 0] [fp: 0 tn: 409]
2020-04-13 16:48:13 - tpr: 1.000, tnr: 1.000
2020-04-13 16:48:13 - acc: 1.000, prec: 1.000, f1: 1.000
2020-04-13 16:48:13 - epoch: 17, phase: val, loss: 3.4968
2020-04-13 16:48:13 - [tp: 0 fn: 8] [fp: 1 tn: 102]
2020-04-13 16:48:13 - tpr: 0.000, tnr: 0.990
2020-04-13 16:48:13 - acc: 0.919, prec: 0.000, f1: -1.000
2020-04-13 16:48:14 - epoch: 18, phase: train, loss: 0.0041
2020-04-13 16:48:14 - [tp: 32 fn: 0] [fp: 0 tn: 409]
2020-04-13 16:48:14 - tpr: 1.000, tnr: 1.000
2020-04-13 16:48:14 - acc: 1.000, prec: 1.000, f1: 1.000
2020-04-13 16:48:15 - epoch: 18, phase: val, loss: 3.3515
2020-04-13 16:48:15 - [tp: 0 fn: 8] [fp: 1 tn: 102]
2020-04-13 16:48:15 - tpr: 0.000, tnr: 0.990
2020-04-13 16:48:15 - acc: 0.919, prec: 0.000, f1: -1.000
2020-04-13 16:48:16 - epoch: 19, phase: train, loss: 0.0044
2020-04-13 16:48:16 - [tp: 32 fn: 0] [fp: 0 tn: 409]
2020-04-13 16:48:16 - tpr: 1.000, tnr: 1.000
2020-04-13 16:48:16 - acc: 1.000, prec: 1.000, f1: 1.000
2020-04-13 16:48:16 - epoch: 19, phase: val, loss: 3.4288
2020-04-13 16:48:16 - [tp: 0 fn: 8] [fp: 0 tn: 103]
2020-04-13 16:48:16 - tpr: 0.000, tnr: 1.000
2020-04-13 16:48:16 - acc: 0.928, prec: -1.000, f1: 0.000
2020-04-13 16:48:17 - epoch: 20, phase: train, loss: 0.0030
2020-04-13 16:48:17 - [tp: 32 fn: 0] [fp: 0 tn: 409]
2020-04-13 16:48:17 - tpr: 1.000, tnr: 1.000
2020-04-13 16:48:17 - acc: 1.000, prec: 1.000, f1: 1.000
2020-04-13 16:48:18 - epoch: 20, phase: val, loss: 3.6004
2020-04-13 16:48:18 - [tp: 0 fn: 8] [fp: 0 tn: 103]
2020-04-13 16:48:18 - tpr: 0.000, tnr: 1.000
2020-04-13 16:48:18 - acc: 0.928, prec: -1.000, f1: 0.000
2020-04-13 16:48:18 - epoch: 21, phase: train, loss: 0.0032
2020-04-13 16:48:18 - [tp: 32 fn: 0] [fp: 0 tn: 409]
2020-04-13 16:48:18 - tpr: 1.000, tnr: 1.000
2020-04-13 16:48:18 - acc: 1.000, prec: 1.000, f1: 1.000
2020-04-13 16:48:19 - epoch: 21, phase: val, loss: 3.4045
2020-04-13 16:48:19 - [tp: 0 fn: 8] [fp: 2 tn: 101]
2020-04-13 16:48:19 - tpr: 0.000, tnr: 0.981
2020-04-13 16:48:19 - acc: 0.910, prec: 0.000, f1: -1.000
2020-04-13 16:48:20 - epoch: 22, phase: train, loss: 0.0029
2020-04-13 16:48:20 - [tp: 32 fn: 0] [fp: 0 tn: 409]
2020-04-13 16:48:20 - tpr: 1.000, tnr: 1.000
2020-04-13 16:48:20 - acc: 1.000, prec: 1.000, f1: 1.000
2020-04-13 16:48:20 - epoch: 22, phase: val, loss: 3.5127
2020-04-13 16:48:20 - [tp: 0 fn: 8] [fp: 2 tn: 101]
2020-04-13 16:48:20 - tpr: 0.000, tnr: 0.981
2020-04-13 16:48:20 - acc: 0.910, prec: 0.000, f1: -1.000
2020-04-13 16:48:21 - epoch: 23, phase: train, loss: 0.0018
2020-04-13 16:48:21 - [tp: 32 fn: 0] [fp: 0 tn: 409]
2020-04-13 16:48:21 - tpr: 1.000, tnr: 1.000
2020-04-13 16:48:21 - acc: 1.000, prec: 1.000, f1: 1.000
2020-04-13 16:48:22 - epoch: 23, phase: val, loss: 3.6342
2020-04-13 16:48:22 - [tp: 0 fn: 8] [fp: 1 tn: 102]
2020-04-13 16:48:22 - tpr: 0.000, tnr: 0.990
2020-04-13 16:48:22 - acc: 0.919, prec: 0.000, f1: -1.000
2020-04-13 16:48:22 - epoch: 24, phase: train, loss: 0.0022
2020-04-13 16:48:22 - [tp: 32 fn: 0] [fp: 0 tn: 409]
2020-04-13 16:48:22 - tpr: 1.000, tnr: 1.000
2020-04-13 16:48:22 - acc: 1.000, prec: 1.000, f1: 1.000
2020-04-13 16:48:23 - epoch: 24, phase: val, loss: 3.6062
2020-04-13 16:48:23 - [tp: 0 fn: 8] [fp: 1 tn: 102]
2020-04-13 16:48:23 - tpr: 0.000, tnr: 0.990
2020-04-13 16:48:23 - acc: 0.919, prec: 0.000, f1: -1.000
2020-04-13 16:48:24 - epoch: 25, phase: train, loss: 0.0023
2020-04-13 16:48:24 - [tp: 32 fn: 0] [fp: 0 tn: 409]
2020-04-13 16:48:24 - tpr: 1.000, tnr: 1.000
2020-04-13 16:48:24 - acc: 1.000, prec: 1.000, f1: 1.000
2020-04-13 16:48:24 - epoch: 25, phase: val, loss: 3.7169
2020-04-13 16:48:24 - [tp: 0 fn: 8] [fp: 1 tn: 102]
2020-04-13 16:48:24 - tpr: 0.000, tnr: 0.990
2020-04-13 16:48:24 - acc: 0.919, prec: 0.000, f1: -1.000
2020-04-13 16:48:25 - epoch: 26, phase: train, loss: 0.0056
2020-04-13 16:48:25 - [tp: 32 fn: 0] [fp: 0 tn: 409]
2020-04-13 16:48:25 - tpr: 1.000, tnr: 1.000
2020-04-13 16:48:25 - acc: 1.000, prec: 1.000, f1: 1.000
2020-04-13 16:48:26 - epoch: 26, phase: val, loss: 3.9354
2020-04-13 16:48:26 - [tp: 0 fn: 8] [fp: 1 tn: 102]
2020-04-13 16:48:26 - tpr: 0.000, tnr: 0.990
2020-04-13 16:48:26 - acc: 0.919, prec: 0.000, f1: -1.000
2020-04-13 16:48:26 - epoch: 27, phase: train, loss: 0.0022
2020-04-13 16:48:26 - [tp: 32 fn: 0] [fp: 0 tn: 409]
2020-04-13 16:48:26 - tpr: 1.000, tnr: 1.000
2020-04-13 16:48:26 - acc: 1.000, prec: 1.000, f1: 1.000
2020-04-13 16:48:27 - epoch: 27, phase: val, loss: 4.0453
2020-04-13 16:48:27 - [tp: 0 fn: 8] [fp: 0 tn: 103]
2020-04-13 16:48:27 - tpr: 0.000, tnr: 1.000
2020-04-13 16:48:27 - acc: 0.928, prec: -1.000, f1: 0.000
2020-04-13 16:48:28 - epoch: 28, phase: train, loss: 0.0021
2020-04-13 16:48:28 - [tp: 32 fn: 0] [fp: 0 tn: 409]
2020-04-13 16:48:28 - tpr: 1.000, tnr: 1.000
2020-04-13 16:48:28 - acc: 1.000, prec: 1.000, f1: 1.000
2020-04-13 16:48:28 - epoch: 28, phase: val, loss: 3.8053
2020-04-13 16:48:28 - [tp: 0 fn: 8] [fp: 2 tn: 101]
2020-04-13 16:48:28 - tpr: 0.000, tnr: 0.981
2020-04-13 16:48:28 - acc: 0.910, prec: 0.000, f1: -1.000
2020-04-13 16:48:29 - epoch: 29, phase: train, loss: 0.0013
2020-04-13 16:48:29 - [tp: 32 fn: 0] [fp: 0 tn: 409]
2020-04-13 16:48:29 - tpr: 1.000, tnr: 1.000
2020-04-13 16:48:29 - acc: 1.000, prec: 1.000, f1: 1.000
2020-04-13 16:48:30 - epoch: 29, phase: val, loss: 4.0712
2020-04-13 16:48:30 - [tp: 0 fn: 8] [fp: 1 tn: 102]
2020-04-13 16:48:30 - tpr: 0.000, tnr: 0.990
2020-04-13 16:48:30 - acc: 0.919, prec: 0.000, f1: -1.000
2020-04-13 16:48:31 - epoch: 30, phase: train, loss: 0.0013
2020-04-13 16:48:31 - [tp: 32 fn: 0] [fp: 0 tn: 409]
2020-04-13 16:48:31 - tpr: 1.000, tnr: 1.000
2020-04-13 16:48:31 - acc: 1.000, prec: 1.000, f1: 1.000
2020-04-13 16:48:31 - epoch: 30, phase: val, loss: 4.2761
2020-04-13 16:48:31 - [tp: 0 fn: 8] [fp: 0 tn: 103]
2020-04-13 16:48:31 - tpr: 0.000, tnr: 1.000
2020-04-13 16:48:31 - acc: 0.928, prec: -1.000, f1: 0.000
2020-04-13 16:48:32 - epoch: 31, phase: train, loss: 0.0016
2020-04-13 16:48:32 - [tp: 32 fn: 0] [fp: 0 tn: 409]
2020-04-13 16:48:32 - tpr: 1.000, tnr: 1.000
2020-04-13 16:48:32 - acc: 1.000, prec: 1.000, f1: 1.000
2020-04-13 16:48:32 - epoch: 31, phase: val, loss: 3.6894
2020-04-13 16:48:32 - [tp: 0 fn: 8] [fp: 1 tn: 102]
2020-04-13 16:48:32 - tpr: 0.000, tnr: 0.990
2020-04-13 16:48:32 - acc: 0.919, prec: 0.000, f1: -1.000
2020-04-13 16:48:33 - epoch: 32, phase: train, loss: 0.0013
2020-04-13 16:48:33 - [tp: 32 fn: 0] [fp: 0 tn: 409]
2020-04-13 16:48:33 - tpr: 1.000, tnr: 1.000
2020-04-13 16:48:33 - acc: 1.000, prec: 1.000, f1: 1.000
2020-04-13 16:48:34 - epoch: 32, phase: val, loss: 3.8588
2020-04-13 16:48:34 - [tp: 0 fn: 8] [fp: 1 tn: 102]
2020-04-13 16:48:34 - tpr: 0.000, tnr: 0.990
2020-04-13 16:48:34 - acc: 0.919, prec: 0.000, f1: -1.000
2020-04-13 16:48:35 - epoch: 33, phase: train, loss: 0.0010
2020-04-13 16:48:35 - [tp: 32 fn: 0] [fp: 0 tn: 409]
2020-04-13 16:48:35 - tpr: 1.000, tnr: 1.000
2020-04-13 16:48:35 - acc: 1.000, prec: 1.000, f1: 1.000
2020-04-13 16:48:35 - epoch: 33, phase: val, loss: 3.9861
2020-04-13 16:48:35 - [tp: 0 fn: 8] [fp: 1 tn: 102]
2020-04-13 16:48:35 - tpr: 0.000, tnr: 0.990
2020-04-13 16:48:35 - acc: 0.919, prec: 0.000, f1: -1.000
2020-04-13 16:48:36 - epoch: 34, phase: train, loss: 0.0009
2020-04-13 16:48:36 - [tp: 32 fn: 0] [fp: 0 tn: 409]
2020-04-13 16:48:36 - tpr: 1.000, tnr: 1.000
2020-04-13 16:48:36 - acc: 1.000, prec: 1.000, f1: 1.000
2020-04-13 16:48:36 - epoch: 34, phase: val, loss: 3.9258
2020-04-13 16:48:36 - [tp: 0 fn: 8] [fp: 0 tn: 103]
2020-04-13 16:48:36 - tpr: 0.000, tnr: 1.000
2020-04-13 16:48:36 - acc: 0.928, prec: -1.000, f1: 0.000
2020-04-13 16:48:37 - epoch: 35, phase: train, loss: 0.0013
2020-04-13 16:48:37 - [tp: 32 fn: 0] [fp: 0 tn: 409]
2020-04-13 16:48:37 - tpr: 1.000, tnr: 1.000
2020-04-13 16:48:37 - acc: 1.000, prec: 1.000, f1: 1.000
2020-04-13 16:48:38 - epoch: 35, phase: val, loss: 3.8912
2020-04-13 16:48:38 - [tp: 0 fn: 8] [fp: 2 tn: 101]
2020-04-13 16:48:38 - tpr: 0.000, tnr: 0.981
2020-04-13 16:48:38 - acc: 0.910, prec: 0.000, f1: -1.000
2020-04-13 16:48:39 - epoch: 36, phase: train, loss: 0.0013
2020-04-13 16:48:39 - [tp: 32 fn: 0] [fp: 0 tn: 409]
2020-04-13 16:48:39 - tpr: 1.000, tnr: 1.000
2020-04-13 16:48:39 - acc: 1.000, prec: 1.000, f1: 1.000
2020-04-13 16:48:39 - epoch: 36, phase: val, loss: 4.1147
2020-04-13 16:48:39 - [tp: 0 fn: 8] [fp: 2 tn: 101]
2020-04-13 16:48:39 - tpr: 0.000, tnr: 0.981
2020-04-13 16:48:39 - acc: 0.910, prec: 0.000, f1: -1.000
2020-04-13 16:48:40 - epoch: 37, phase: train, loss: 0.0009
2020-04-13 16:48:40 - [tp: 32 fn: 0] [fp: 0 tn: 409]
2020-04-13 16:48:40 - tpr: 1.000, tnr: 1.000
2020-04-13 16:48:40 - acc: 1.000, prec: 1.000, f1: 1.000
2020-04-13 16:48:41 - epoch: 37, phase: val, loss: 4.1572
2020-04-13 16:48:41 - [tp: 0 fn: 8] [fp: 2 tn: 101]
2020-04-13 16:48:41 - tpr: 0.000, tnr: 0.981
2020-04-13 16:48:41 - acc: 0.910, prec: 0.000, f1: -1.000
2020-04-13 16:48:42 - epoch: 38, phase: train, loss: 0.0017
2020-04-13 16:48:42 - [tp: 32 fn: 0] [fp: 0 tn: 409]
2020-04-13 16:48:42 - tpr: 1.000, tnr: 1.000
2020-04-13 16:48:42 - acc: 1.000, prec: 1.000, f1: 1.000
2020-04-13 16:48:42 - epoch: 38, phase: val, loss: 4.4316
2020-04-13 16:48:42 - [tp: 0 fn: 8] [fp: 0 tn: 103]
2020-04-13 16:48:42 - tpr: 0.000, tnr: 1.000
2020-04-13 16:48:42 - acc: 0.928, prec: -1.000, f1: 0.000
2020-04-13 16:48:43 - epoch: 39, phase: train, loss: 0.0011
2020-04-13 16:48:43 - [tp: 32 fn: 0] [fp: 0 tn: 409]
2020-04-13 16:48:43 - tpr: 1.000, tnr: 1.000
2020-04-13 16:48:43 - acc: 1.000, prec: 1.000, f1: 1.000
2020-04-13 16:48:43 - epoch: 39, phase: val, loss: 3.9076
2020-04-13 16:48:43 - [tp: 0 fn: 8] [fp: 2 tn: 101]
2020-04-13 16:48:43 - tpr: 0.000, tnr: 0.981
2020-04-13 16:48:43 - acc: 0.910, prec: 0.000, f1: -1.000
2020-04-13 16:48:44 - epoch: 40, phase: train, loss: 0.0005
2020-04-13 16:48:44 - [tp: 32 fn: 0] [fp: 0 tn: 409]
2020-04-13 16:48:44 - tpr: 1.000, tnr: 1.000
2020-04-13 16:48:44 - acc: 1.000, prec: 1.000, f1: 1.000
2020-04-13 16:48:45 - epoch: 40, phase: val, loss: 4.2033
2020-04-13 16:48:45 - [tp: 0 fn: 8] [fp: 1 tn: 102]
2020-04-13 16:48:45 - tpr: 0.000, tnr: 0.990
2020-04-13 16:48:45 - acc: 0.919, prec: 0.000, f1: -1.000
2020-04-13 16:48:46 - epoch: 41, phase: train, loss: 0.0009
2020-04-13 16:48:46 - [tp: 32 fn: 0] [fp: 0 tn: 409]
2020-04-13 16:48:46 - tpr: 1.000, tnr: 1.000
2020-04-13 16:48:46 - acc: 1.000, prec: 1.000, f1: 1.000
2020-04-13 16:48:46 - epoch: 41, phase: val, loss: 4.1847
2020-04-13 16:48:46 - [tp: 0 fn: 8] [fp: 2 tn: 101]
2020-04-13 16:48:46 - tpr: 0.000, tnr: 0.981
2020-04-13 16:48:46 - acc: 0.910, prec: 0.000, f1: -1.000
2020-04-13 16:48:47 - epoch: 42, phase: train, loss: 0.0008
2020-04-13 16:48:47 - [tp: 32 fn: 0] [fp: 0 tn: 409]
2020-04-13 16:48:47 - tpr: 1.000, tnr: 1.000
2020-04-13 16:48:47 - acc: 1.000, prec: 1.000, f1: 1.000
2020-04-13 16:48:48 - epoch: 42, phase: val, loss: 4.2668
2020-04-13 16:48:48 - [tp: 0 fn: 8] [fp: 1 tn: 102]
2020-04-13 16:48:48 - tpr: 0.000, tnr: 0.990
2020-04-13 16:48:48 - acc: 0.919, prec: 0.000, f1: -1.000
2020-04-13 16:48:49 - epoch: 43, phase: train, loss: 0.0016
2020-04-13 16:48:49 - [tp: 32 fn: 0] [fp: 0 tn: 409]
2020-04-13 16:48:49 - tpr: 1.000, tnr: 1.000
2020-04-13 16:48:49 - acc: 1.000, prec: 1.000, f1: 1.000
2020-04-13 16:48:49 - epoch: 43, phase: val, loss: 4.4398
2020-04-13 16:48:49 - [tp: 0 fn: 8] [fp: 1 tn: 102]
2020-04-13 16:48:49 - tpr: 0.000, tnr: 0.990
2020-04-13 16:48:49 - acc: 0.919, prec: 0.000, f1: -1.000
2020-04-13 16:48:50 - epoch: 44, phase: train, loss: 0.0013
2020-04-13 16:48:50 - [tp: 32 fn: 0] [fp: 0 tn: 409]
2020-04-13 16:48:50 - tpr: 1.000, tnr: 1.000
2020-04-13 16:48:50 - acc: 1.000, prec: 1.000, f1: 1.000
2020-04-13 16:48:51 - epoch: 44, phase: val, loss: 4.2719
2020-04-13 16:48:51 - [tp: 0 fn: 8] [fp: 2 tn: 101]
2020-04-13 16:48:51 - tpr: 0.000, tnr: 0.981
2020-04-13 16:48:51 - acc: 0.910, prec: 0.000, f1: -1.000
2020-04-13 16:48:52 - epoch: 45, phase: train, loss: 0.0006
2020-04-13 16:48:52 - [tp: 32 fn: 0] [fp: 0 tn: 409]
2020-04-13 16:48:52 - tpr: 1.000, tnr: 1.000
2020-04-13 16:48:52 - acc: 1.000, prec: 1.000, f1: 1.000
2020-04-13 16:48:52 - epoch: 45, phase: val, loss: 4.2000
2020-04-13 16:48:52 - [tp: 0 fn: 8] [fp: 2 tn: 101]
2020-04-13 16:48:52 - tpr: 0.000, tnr: 0.981
2020-04-13 16:48:52 - acc: 0.910, prec: 0.000, f1: -1.000
2020-04-13 16:48:53 - epoch: 46, phase: train, loss: 0.0005
2020-04-13 16:48:53 - [tp: 32 fn: 0] [fp: 0 tn: 409]
2020-04-13 16:48:53 - tpr: 1.000, tnr: 1.000
2020-04-13 16:48:53 - acc: 1.000, prec: 1.000, f1: 1.000
2020-04-13 16:48:54 - epoch: 46, phase: val, loss: 4.5159
2020-04-13 16:48:54 - [tp: 0 fn: 8] [fp: 0 tn: 103]
2020-04-13 16:48:54 - tpr: 0.000, tnr: 1.000
2020-04-13 16:48:54 - acc: 0.928, prec: -1.000, f1: 0.000
2020-04-13 16:48:55 - epoch: 47, phase: train, loss: 0.0005
2020-04-13 16:48:55 - [tp: 32 fn: 0] [fp: 0 tn: 409]
2020-04-13 16:48:55 - tpr: 1.000, tnr: 1.000
2020-04-13 16:48:55 - acc: 1.000, prec: 1.000, f1: 1.000
2020-04-13 16:48:55 - epoch: 47, phase: val, loss: 4.1265
2020-04-13 16:48:55 - [tp: 0 fn: 8] [fp: 1 tn: 102]
2020-04-13 16:48:55 - tpr: 0.000, tnr: 0.990
2020-04-13 16:48:55 - acc: 0.919, prec: 0.000, f1: -1.000
2020-04-13 16:48:56 - epoch: 48, phase: train, loss: 0.0006
2020-04-13 16:48:56 - [tp: 32 fn: 0] [fp: 0 tn: 409]
2020-04-13 16:48:56 - tpr: 1.000, tnr: 1.000
2020-04-13 16:48:56 - acc: 1.000, prec: 1.000, f1: 1.000
2020-04-13 16:48:56 - epoch: 48, phase: val, loss: 4.2685
2020-04-13 16:48:56 - [tp: 0 fn: 8] [fp: 1 tn: 102]
2020-04-13 16:48:56 - tpr: 0.000, tnr: 0.990
2020-04-13 16:48:56 - acc: 0.919, prec: 0.000, f1: -1.000
2020-04-13 16:48:57 - epoch: 49, phase: train, loss: 0.0004
2020-04-13 16:48:57 - [tp: 32 fn: 0] [fp: 0 tn: 409]
2020-04-13 16:48:57 - tpr: 1.000, tnr: 1.000
2020-04-13 16:48:57 - acc: 1.000, prec: 1.000, f1: 1.000
2020-04-13 16:48:58 - epoch: 49, phase: val, loss: 4.0256
2020-04-13 16:48:58 - [tp: 0 fn: 8] [fp: 1 tn: 102]
2020-04-13 16:48:58 - tpr: 0.000, tnr: 0.990
2020-04-13 16:48:58 - acc: 0.919, prec: 0.000, f1: -1.000
2020-04-13 16:48:59 - epoch: 50, phase: train, loss: 0.0004
2020-04-13 16:48:59 - [tp: 32 fn: 0] [fp: 0 tn: 409]
2020-04-13 16:48:59 - tpr: 1.000, tnr: 1.000
2020-04-13 16:48:59 - acc: 1.000, prec: 1.000, f1: 1.000
2020-04-13 16:48:59 - epoch: 50, phase: val, loss: 4.0410
2020-04-13 16:48:59 - [tp: 0 fn: 8] [fp: 1 tn: 102]
2020-04-13 16:48:59 - tpr: 0.000, tnr: 0.990
2020-04-13 16:48:59 - acc: 0.919, prec: 0.000, f1: -1.000
2020-04-13 16:49:00 - epoch: 51, phase: train, loss: 0.0004
2020-04-13 16:49:00 - [tp: 32 fn: 0] [fp: 0 tn: 409]
2020-04-13 16:49:00 - tpr: 1.000, tnr: 1.000
2020-04-13 16:49:00 - acc: 1.000, prec: 1.000, f1: 1.000
2020-04-13 16:49:00 - epoch: 51, phase: val, loss: 4.2475
2020-04-13 16:49:00 - [tp: 0 fn: 8] [fp: 1 tn: 102]
2020-04-13 16:49:00 - tpr: 0.000, tnr: 0.990
2020-04-13 16:49:00 - acc: 0.919, prec: 0.000, f1: -1.000
2020-04-13 16:49:01 - epoch: 52, phase: train, loss: 0.0003
2020-04-13 16:49:01 - [tp: 32 fn: 0] [fp: 0 tn: 409]
2020-04-13 16:49:01 - tpr: 1.000, tnr: 1.000
2020-04-13 16:49:01 - acc: 1.000, prec: 1.000, f1: 1.000
2020-04-13 16:49:02 - epoch: 52, phase: val, loss: 4.2265
2020-04-13 16:49:02 - [tp: 0 fn: 8] [fp: 1 tn: 102]
2020-04-13 16:49:02 - tpr: 0.000, tnr: 0.990
2020-04-13 16:49:02 - acc: 0.919, prec: 0.000, f1: -1.000
2020-04-13 16:49:03 - epoch: 53, phase: train, loss: 0.0003
2020-04-13 16:49:03 - [tp: 32 fn: 0] [fp: 0 tn: 409]
2020-04-13 16:49:03 - tpr: 1.000, tnr: 1.000
2020-04-13 16:49:03 - acc: 1.000, prec: 1.000, f1: 1.000
2020-04-13 16:49:03 - epoch: 53, phase: val, loss: 4.4870
2020-04-13 16:49:03 - [tp: 0 fn: 8] [fp: 1 tn: 102]
2020-04-13 16:49:03 - tpr: 0.000, tnr: 0.990
2020-04-13 16:49:03 - acc: 0.919, prec: 0.000, f1: -1.000
2020-04-13 16:49:04 - epoch: 54, phase: train, loss: 0.0003
2020-04-13 16:49:04 - [tp: 32 fn: 0] [fp: 0 tn: 409]
2020-04-13 16:49:04 - tpr: 1.000, tnr: 1.000
2020-04-13 16:49:04 - acc: 1.000, prec: 1.000, f1: 1.000
2020-04-13 16:49:04 - epoch: 54, phase: val, loss: 4.2143
2020-04-13 16:49:04 - [tp: 0 fn: 8] [fp: 1 tn: 102]
2020-04-13 16:49:04 - tpr: 0.000, tnr: 0.990
2020-04-13 16:49:04 - acc: 0.919, prec: 0.000, f1: -1.000
2020-04-13 16:49:05 - epoch: 55, phase: train, loss: 0.0003
2020-04-13 16:49:05 - [tp: 32 fn: 0] [fp: 0 tn: 409]
2020-04-13 16:49:05 - tpr: 1.000, tnr: 1.000
2020-04-13 16:49:05 - acc: 1.000, prec: 1.000, f1: 1.000
2020-04-13 16:49:06 - epoch: 55, phase: val, loss: 4.0614
2020-04-13 16:49:06 - [tp: 0 fn: 8] [fp: 0 tn: 103]
2020-04-13 16:49:06 - tpr: 0.000, tnr: 1.000
2020-04-13 16:49:06 - acc: 0.928, prec: -1.000, f1: 0.000
2020-04-13 16:49:06 - epoch: 56, phase: train, loss: 0.0003
2020-04-13 16:49:06 - [tp: 32 fn: 0] [fp: 0 tn: 409]
2020-04-13 16:49:06 - tpr: 1.000, tnr: 1.000
2020-04-13 16:49:06 - acc: 1.000, prec: 1.000, f1: 1.000
2020-04-13 16:49:07 - epoch: 56, phase: val, loss: 3.8878
2020-04-13 16:49:07 - [tp: 0 fn: 8] [fp: 0 tn: 103]
2020-04-13 16:49:07 - tpr: 0.000, tnr: 1.000
2020-04-13 16:49:07 - acc: 0.928, prec: -1.000, f1: 0.000
2020-04-13 16:49:08 - epoch: 57, phase: train, loss: 0.0003
2020-04-13 16:49:08 - [tp: 32 fn: 0] [fp: 0 tn: 409]
2020-04-13 16:49:08 - tpr: 1.000, tnr: 1.000
2020-04-13 16:49:08 - acc: 1.000, prec: 1.000, f1: 1.000
2020-04-13 16:49:08 - epoch: 57, phase: val, loss: 4.1007
2020-04-13 16:49:08 - [tp: 0 fn: 8] [fp: 1 tn: 102]
2020-04-13 16:49:08 - tpr: 0.000, tnr: 0.990
2020-04-13 16:49:08 - acc: 0.919, prec: 0.000, f1: -1.000
2020-04-13 16:49:09 - epoch: 58, phase: train, loss: 0.0003
2020-04-13 16:49:09 - [tp: 32 fn: 0] [fp: 0 tn: 409]
2020-04-13 16:49:09 - tpr: 1.000, tnr: 1.000
2020-04-13 16:49:09 - acc: 1.000, prec: 1.000, f1: 1.000
2020-04-13 16:49:09 - epoch: 58, phase: val, loss: 4.0478
2020-04-13 16:49:09 - [tp: 0 fn: 8] [fp: 0 tn: 103]
2020-04-13 16:49:09 - tpr: 0.000, tnr: 1.000
2020-04-13 16:49:09 - acc: 0.928, prec: -1.000, f1: 0.000
2020-04-13 16:49:10 - epoch: 59, phase: train, loss: 0.0004
2020-04-13 16:49:10 - [tp: 32 fn: 0] [fp: 0 tn: 409]
2020-04-13 16:49:10 - tpr: 1.000, tnr: 1.000
2020-04-13 16:49:10 - acc: 1.000, prec: 1.000, f1: 1.000
2020-04-13 16:49:11 - epoch: 59, phase: val, loss: 3.9182
2020-04-13 16:49:11 - [tp: 0 fn: 8] [fp: 1 tn: 102]
2020-04-13 16:49:11 - tpr: 0.000, tnr: 0.990
2020-04-13 16:49:11 - acc: 0.919, prec: 0.000, f1: -1.000
2020-04-13 16:49:12 - epoch: 60, phase: train, loss: 0.0003
2020-04-13 16:49:12 - [tp: 32 fn: 0] [fp: 0 tn: 409]
2020-04-13 16:49:12 - tpr: 1.000, tnr: 1.000
2020-04-13 16:49:12 - acc: 1.000, prec: 1.000, f1: 1.000
2020-04-13 16:49:12 - epoch: 60, phase: val, loss: 4.1770
2020-04-13 16:49:12 - [tp: 0 fn: 8] [fp: 1 tn: 102]
2020-04-13 16:49:12 - tpr: 0.000, tnr: 0.990
2020-04-13 16:49:12 - acc: 0.919, prec: 0.000, f1: -1.000
2020-04-13 16:49:13 - epoch: 61, phase: train, loss: 0.0003
2020-04-13 16:49:13 - [tp: 32 fn: 0] [fp: 0 tn: 409]
2020-04-13 16:49:13 - tpr: 1.000, tnr: 1.000
2020-04-13 16:49:13 - acc: 1.000, prec: 1.000, f1: 1.000
2020-04-13 16:49:14 - epoch: 61, phase: val, loss: 4.2259
2020-04-13 16:49:14 - [tp: 0 fn: 8] [fp: 1 tn: 102]
2020-04-13 16:49:14 - tpr: 0.000, tnr: 0.990
2020-04-13 16:49:14 - acc: 0.919, prec: 0.000, f1: -1.000
2020-04-13 16:49:15 - epoch: 62, phase: train, loss: 0.0003
2020-04-13 16:49:15 - [tp: 32 fn: 0] [fp: 0 tn: 409]
2020-04-13 16:49:15 - tpr: 1.000, tnr: 1.000
2020-04-13 16:49:15 - acc: 1.000, prec: 1.000, f1: 1.000
2020-04-13 16:49:15 - epoch: 62, phase: val, loss: 4.3671
2020-04-13 16:49:15 - [tp: 0 fn: 8] [fp: 1 tn: 102]
2020-04-13 16:49:15 - tpr: 0.000, tnr: 0.990
2020-04-13 16:49:15 - acc: 0.919, prec: 0.000, f1: -1.000
2020-04-13 16:49:16 - epoch: 63, phase: train, loss: 0.0004
2020-04-13 16:49:16 - [tp: 32 fn: 0] [fp: 0 tn: 409]
2020-04-13 16:49:16 - tpr: 1.000, tnr: 1.000
2020-04-13 16:49:16 - acc: 1.000, prec: 1.000, f1: 1.000
2020-04-13 16:49:16 - epoch: 63, phase: val, loss: 4.0746
2020-04-13 16:49:16 - [tp: 0 fn: 8] [fp: 0 tn: 103]
2020-04-13 16:49:16 - tpr: 0.000, tnr: 1.000
2020-04-13 16:49:16 - acc: 0.928, prec: -1.000, f1: 0.000
2020-04-13 16:49:17 - epoch: 64, phase: train, loss: 0.0002
2020-04-13 16:49:17 - [tp: 32 fn: 0] [fp: 0 tn: 409]
2020-04-13 16:49:17 - tpr: 1.000, tnr: 1.000
2020-04-13 16:49:17 - acc: 1.000, prec: 1.000, f1: 1.000
2020-04-13 16:49:18 - epoch: 64, phase: val, loss: 4.5290
2020-04-13 16:49:18 - [tp: 0 fn: 8] [fp: 0 tn: 103]
2020-04-13 16:49:18 - tpr: 0.000, tnr: 1.000
2020-04-13 16:49:18 - acc: 0.928, prec: -1.000, f1: 0.000
2020-04-13 16:49:19 - epoch: 65, phase: train, loss: 0.0002
2020-04-13 16:49:19 - [tp: 32 fn: 0] [fp: 0 tn: 409]
2020-04-13 16:49:19 - tpr: 1.000, tnr: 1.000
2020-04-13 16:49:19 - acc: 1.000, prec: 1.000, f1: 1.000
2020-04-13 16:49:19 - epoch: 65, phase: val, loss: 4.5565
2020-04-13 16:49:19 - [tp: 0 fn: 8] [fp: 0 tn: 103]
2020-04-13 16:49:19 - tpr: 0.000, tnr: 1.000
2020-04-13 16:49:19 - acc: 0.928, prec: -1.000, f1: 0.000
2020-04-13 16:49:20 - epoch: 66, phase: train, loss: 0.0003
2020-04-13 16:49:20 - [tp: 32 fn: 0] [fp: 0 tn: 409]
2020-04-13 16:49:20 - tpr: 1.000, tnr: 1.000
2020-04-13 16:49:20 - acc: 1.000, prec: 1.000, f1: 1.000
2020-04-13 16:49:20 - epoch: 66, phase: val, loss: 4.4683
2020-04-13 16:49:20 - [tp: 0 fn: 8] [fp: 1 tn: 102]
2020-04-13 16:49:20 - tpr: 0.000, tnr: 0.990
2020-04-13 16:49:20 - acc: 0.919, prec: 0.000, f1: -1.000
2020-04-13 16:49:21 - epoch: 67, phase: train, loss: 0.0002
2020-04-13 16:49:21 - [tp: 32 fn: 0] [fp: 0 tn: 409]
2020-04-13 16:49:21 - tpr: 1.000, tnr: 1.000
2020-04-13 16:49:21 - acc: 1.000, prec: 1.000, f1: 1.000
2020-04-13 16:49:22 - epoch: 67, phase: val, loss: 4.2682
2020-04-13 16:49:22 - [tp: 0 fn: 8] [fp: 1 tn: 102]
2020-04-13 16:49:22 - tpr: 0.000, tnr: 0.990
2020-04-13 16:49:22 - acc: 0.919, prec: 0.000, f1: -1.000
2020-04-13 16:49:22 - epoch: 68, phase: train, loss: 0.0002
2020-04-13 16:49:22 - [tp: 32 fn: 0] [fp: 0 tn: 409]
2020-04-13 16:49:22 - tpr: 1.000, tnr: 1.000
2020-04-13 16:49:22 - acc: 1.000, prec: 1.000, f1: 1.000
2020-04-13 16:49:23 - epoch: 68, phase: val, loss: 4.3755
2020-04-13 16:49:23 - [tp: 0 fn: 8] [fp: 1 tn: 102]
2020-04-13 16:49:23 - tpr: 0.000, tnr: 0.990
2020-04-13 16:49:23 - acc: 0.919, prec: 0.000, f1: -1.000
2020-04-13 16:49:24 - epoch: 69, phase: train, loss: 0.0002
2020-04-13 16:49:24 - [tp: 32 fn: 0] [fp: 0 tn: 409]
2020-04-13 16:49:24 - tpr: 1.000, tnr: 1.000
2020-04-13 16:49:24 - acc: 1.000, prec: 1.000, f1: 1.000
2020-04-13 16:49:24 - epoch: 69, phase: val, loss: 4.3357
2020-04-13 16:49:24 - [tp: 0 fn: 8] [fp: 0 tn: 103]
2020-04-13 16:49:24 - tpr: 0.000, tnr: 1.000
2020-04-13 16:49:24 - acc: 0.928, prec: -1.000, f1: 0.000
2020-04-13 16:49:25 - epoch: 70, phase: train, loss: 0.0002
2020-04-13 16:49:25 - [tp: 32 fn: 0] [fp: 0 tn: 409]
2020-04-13 16:49:25 - tpr: 1.000, tnr: 1.000
2020-04-13 16:49:25 - acc: 1.000, prec: 1.000, f1: 1.000
2020-04-13 16:49:26 - epoch: 70, phase: val, loss: 4.3874
2020-04-13 16:49:26 - [tp: 0 fn: 8] [fp: 1 tn: 102]
2020-04-13 16:49:26 - tpr: 0.000, tnr: 0.990
2020-04-13 16:49:26 - acc: 0.919, prec: 0.000, f1: -1.000
2020-04-13 16:49:26 - epoch: 71, phase: train, loss: 0.0002
2020-04-13 16:49:26 - [tp: 32 fn: 0] [fp: 0 tn: 409]
2020-04-13 16:49:26 - tpr: 1.000, tnr: 1.000
2020-04-13 16:49:26 - acc: 1.000, prec: 1.000, f1: 1.000
2020-04-13 16:49:27 - epoch: 71, phase: val, loss: 4.4823
2020-04-13 16:49:27 - [tp: 0 fn: 8] [fp: 1 tn: 102]
2020-04-13 16:49:27 - tpr: 0.000, tnr: 0.990
2020-04-13 16:49:27 - acc: 0.919, prec: 0.000, f1: -1.000
2020-04-13 16:49:28 - epoch: 72, phase: train, loss: 0.0001
2020-04-13 16:49:28 - [tp: 32 fn: 0] [fp: 0 tn: 409]
2020-04-13 16:49:28 - tpr: 1.000, tnr: 1.000
2020-04-13 16:49:28 - acc: 1.000, prec: 1.000, f1: 1.000
2020-04-13 16:49:28 - epoch: 72, phase: val, loss: 4.2271
2020-04-13 16:49:28 - [tp: 0 fn: 8] [fp: 0 tn: 103]
2020-04-13 16:49:28 - tpr: 0.000, tnr: 1.000
2020-04-13 16:49:28 - acc: 0.928, prec: -1.000, f1: 0.000
2020-04-13 16:49:29 - epoch: 73, phase: train, loss: 0.0002
2020-04-13 16:49:29 - [tp: 32 fn: 0] [fp: 0 tn: 409]
2020-04-13 16:49:29 - tpr: 1.000, tnr: 1.000
2020-04-13 16:49:29 - acc: 1.000, prec: 1.000, f1: 1.000
2020-04-13 16:49:30 - epoch: 73, phase: val, loss: 4.5671
2020-04-13 16:49:30 - [tp: 0 fn: 8] [fp: 1 tn: 102]
2020-04-13 16:49:30 - tpr: 0.000, tnr: 0.990
2020-04-13 16:49:30 - acc: 0.919, prec: 0.000, f1: -1.000
2020-04-13 16:49:30 - epoch: 74, phase: train, loss: 0.0001
2020-04-13 16:49:30 - [tp: 32 fn: 0] [fp: 0 tn: 409]
2020-04-13 16:49:30 - tpr: 1.000, tnr: 1.000
2020-04-13 16:49:30 - acc: 1.000, prec: 1.000, f1: 1.000
2020-04-13 16:49:31 - epoch: 74, phase: val, loss: 4.1544
2020-04-13 16:49:31 - [tp: 0 fn: 8] [fp: 0 tn: 103]
2020-04-13 16:49:31 - tpr: 0.000, tnr: 1.000
2020-04-13 16:49:31 - acc: 0.928, prec: -1.000, f1: 0.000
2020-04-13 16:49:32 - epoch: 75, phase: train, loss: 0.0002
2020-04-13 16:49:32 - [tp: 32 fn: 0] [fp: 0 tn: 409]
2020-04-13 16:49:32 - tpr: 1.000, tnr: 1.000
2020-04-13 16:49:32 - acc: 1.000, prec: 1.000, f1: 1.000
2020-04-13 16:49:32 - epoch: 75, phase: val, loss: 4.6474
2020-04-13 16:49:32 - [tp: 0 fn: 8] [fp: 0 tn: 103]
2020-04-13 16:49:32 - tpr: 0.000, tnr: 1.000
2020-04-13 16:49:32 - acc: 0.928, prec: -1.000, f1: 0.000
2020-04-13 16:49:33 - epoch: 76, phase: train, loss: 0.0004
2020-04-13 16:49:33 - [tp: 32 fn: 0] [fp: 0 tn: 409]
2020-04-13 16:49:33 - tpr: 1.000, tnr: 1.000
2020-04-13 16:49:33 - acc: 1.000, prec: 1.000, f1: 1.000
2020-04-13 16:49:33 - epoch: 76, phase: val, loss: 3.8394
2020-04-13 16:49:33 - [tp: 0 fn: 8] [fp: 2 tn: 101]
2020-04-13 16:49:33 - tpr: 0.000, tnr: 0.981
2020-04-13 16:49:33 - acc: 0.910, prec: 0.000, f1: -1.000
2020-04-13 16:49:34 - epoch: 77, phase: train, loss: 0.0001
2020-04-13 16:49:34 - [tp: 32 fn: 0] [fp: 0 tn: 409]
2020-04-13 16:49:34 - tpr: 1.000, tnr: 1.000
2020-04-13 16:49:34 - acc: 1.000, prec: 1.000, f1: 1.000
2020-04-13 16:49:35 - epoch: 77, phase: val, loss: 4.2967
2020-04-13 16:49:35 - [tp: 0 fn: 8] [fp: 1 tn: 102]
2020-04-13 16:49:35 - tpr: 0.000, tnr: 0.990
2020-04-13 16:49:35 - acc: 0.919, prec: 0.000, f1: -1.000
2020-04-13 16:49:36 - epoch: 78, phase: train, loss: 0.0001
2020-04-13 16:49:36 - [tp: 32 fn: 0] [fp: 0 tn: 409]
2020-04-13 16:49:36 - tpr: 1.000, tnr: 1.000
2020-04-13 16:49:36 - acc: 1.000, prec: 1.000, f1: 1.000
2020-04-13 16:49:36 - epoch: 78, phase: val, loss: 4.0479
2020-04-13 16:49:36 - [tp: 0 fn: 8] [fp: 1 tn: 102]
2020-04-13 16:49:36 - tpr: 0.000, tnr: 0.990
2020-04-13 16:49:36 - acc: 0.919, prec: 0.000, f1: -1.000
2020-04-13 16:49:37 - epoch: 79, phase: train, loss: 0.0001
2020-04-13 16:49:37 - [tp: 32 fn: 0] [fp: 0 tn: 409]
2020-04-13 16:49:37 - tpr: 1.000, tnr: 1.000
2020-04-13 16:49:37 - acc: 1.000, prec: 1.000, f1: 1.000
2020-04-13 16:49:37 - epoch: 79, phase: val, loss: 4.3112
2020-04-13 16:49:37 - [tp: 0 fn: 8] [fp: 1 tn: 102]
2020-04-13 16:49:37 - tpr: 0.000, tnr: 0.990
2020-04-13 16:49:37 - acc: 0.919, prec: 0.000, f1: -1.000
2020-04-13 16:49:38 - epoch: 80, phase: train, loss: 0.0003
2020-04-13 16:49:38 - [tp: 32 fn: 0] [fp: 0 tn: 409]
2020-04-13 16:49:38 - tpr: 1.000, tnr: 1.000
2020-04-13 16:49:38 - acc: 1.000, prec: 1.000, f1: 1.000
2020-04-13 16:49:39 - epoch: 80, phase: val, loss: 4.5945
2020-04-13 16:49:39 - [tp: 0 fn: 8] [fp: 1 tn: 102]
2020-04-13 16:49:39 - tpr: 0.000, tnr: 0.990
2020-04-13 16:49:39 - acc: 0.919, prec: 0.000, f1: -1.000
2020-04-13 16:49:40 - epoch: 81, phase: train, loss: 0.0002
2020-04-13 16:49:40 - [tp: 32 fn: 0] [fp: 0 tn: 409]
2020-04-13 16:49:40 - tpr: 1.000, tnr: 1.000
2020-04-13 16:49:40 - acc: 1.000, prec: 1.000, f1: 1.000
2020-04-13 16:49:40 - epoch: 81, phase: val, loss: 4.2393
2020-04-13 16:49:40 - [tp: 0 fn: 8] [fp: 1 tn: 102]
2020-04-13 16:49:40 - tpr: 0.000, tnr: 0.990
2020-04-13 16:49:40 - acc: 0.919, prec: 0.000, f1: -1.000
2020-04-13 16:49:41 - epoch: 82, phase: train, loss: 0.0002
2020-04-13 16:49:41 - [tp: 32 fn: 0] [fp: 0 tn: 409]
2020-04-13 16:49:41 - tpr: 1.000, tnr: 1.000
2020-04-13 16:49:41 - acc: 1.000, prec: 1.000, f1: 1.000
2020-04-13 16:49:41 - epoch: 82, phase: val, loss: 4.0540
2020-04-13 16:49:41 - [tp: 0 fn: 8] [fp: 2 tn: 101]
2020-04-13 16:49:41 - tpr: 0.000, tnr: 0.981
2020-04-13 16:49:41 - acc: 0.910, prec: 0.000, f1: -1.000
2020-04-13 16:49:42 - epoch: 83, phase: train, loss: 0.0001
2020-04-13 16:49:42 - [tp: 32 fn: 0] [fp: 0 tn: 409]
2020-04-13 16:49:42 - tpr: 1.000, tnr: 1.000
2020-04-13 16:49:42 - acc: 1.000, prec: 1.000, f1: 1.000
2020-04-13 16:49:43 - epoch: 83, phase: val, loss: 4.4667
2020-04-13 16:49:43 - [tp: 0 fn: 8] [fp: 2 tn: 101]
2020-04-13 16:49:43 - tpr: 0.000, tnr: 0.981
2020-04-13 16:49:43 - acc: 0.910, prec: 0.000, f1: -1.000
2020-04-13 16:49:44 - epoch: 84, phase: train, loss: 0.0001
2020-04-13 16:49:44 - [tp: 32 fn: 0] [fp: 0 tn: 409]
2020-04-13 16:49:44 - tpr: 1.000, tnr: 1.000
2020-04-13 16:49:44 - acc: 1.000, prec: 1.000, f1: 1.000
2020-04-13 16:49:44 - epoch: 84, phase: val, loss: 4.5555
2020-04-13 16:49:44 - [tp: 0 fn: 8] [fp: 2 tn: 101]
2020-04-13 16:49:44 - tpr: 0.000, tnr: 0.981
2020-04-13 16:49:44 - acc: 0.910, prec: 0.000, f1: -1.000
2020-04-13 16:49:45 - epoch: 85, phase: train, loss: 0.0001
2020-04-13 16:49:45 - [tp: 32 fn: 0] [fp: 0 tn: 409]
2020-04-13 16:49:45 - tpr: 1.000, tnr: 1.000
2020-04-13 16:49:45 - acc: 1.000, prec: 1.000, f1: 1.000
2020-04-13 16:49:45 - epoch: 85, phase: val, loss: 4.7750
2020-04-13 16:49:45 - [tp: 0 fn: 8] [fp: 1 tn: 102]
2020-04-13 16:49:45 - tpr: 0.000, tnr: 0.990
2020-04-13 16:49:45 - acc: 0.919, prec: 0.000, f1: -1.000
2020-04-13 16:49:46 - epoch: 86, phase: train, loss: 0.0001
2020-04-13 16:49:46 - [tp: 32 fn: 0] [fp: 0 tn: 409]
2020-04-13 16:49:46 - tpr: 1.000, tnr: 1.000
2020-04-13 16:49:46 - acc: 1.000, prec: 1.000, f1: 1.000
2020-04-13 16:49:47 - epoch: 86, phase: val, loss: 4.7633
2020-04-13 16:49:47 - [tp: 0 fn: 8] [fp: 1 tn: 102]
2020-04-13 16:49:47 - tpr: 0.000, tnr: 0.990
2020-04-13 16:49:47 - acc: 0.919, prec: 0.000, f1: -1.000
2020-04-13 16:49:48 - epoch: 87, phase: train, loss: 0.0001
2020-04-13 16:49:48 - [tp: 32 fn: 0] [fp: 0 tn: 409]
2020-04-13 16:49:48 - tpr: 1.000, tnr: 1.000
2020-04-13 16:49:48 - acc: 1.000, prec: 1.000, f1: 1.000
2020-04-13 16:49:48 - epoch: 87, phase: val, loss: 4.4151
2020-04-13 16:49:48 - [tp: 0 fn: 8] [fp: 0 tn: 103]
2020-04-13 16:49:48 - tpr: 0.000, tnr: 1.000
2020-04-13 16:49:48 - acc: 0.928, prec: -1.000, f1: 0.000
2020-04-13 16:49:49 - epoch: 88, phase: train, loss: 0.0001
2020-04-13 16:49:49 - [tp: 32 fn: 0] [fp: 0 tn: 409]
2020-04-13 16:49:49 - tpr: 1.000, tnr: 1.000
2020-04-13 16:49:49 - acc: 1.000, prec: 1.000, f1: 1.000
2020-04-13 16:49:49 - epoch: 88, phase: val, loss: 4.4305
2020-04-13 16:49:49 - [tp: 0 fn: 8] [fp: 0 tn: 103]
2020-04-13 16:49:49 - tpr: 0.000, tnr: 1.000
2020-04-13 16:49:49 - acc: 0.928, prec: -1.000, f1: 0.000
2020-04-13 16:49:50 - epoch: 89, phase: train, loss: 0.0001
2020-04-13 16:49:50 - [tp: 32 fn: 0] [fp: 0 tn: 409]
2020-04-13 16:49:50 - tpr: 1.000, tnr: 1.000
2020-04-13 16:49:50 - acc: 1.000, prec: 1.000, f1: 1.000
2020-04-13 16:49:51 - epoch: 89, phase: val, loss: 4.3347
2020-04-13 16:49:51 - [tp: 0 fn: 8] [fp: 0 tn: 103]
2020-04-13 16:49:51 - tpr: 0.000, tnr: 1.000
2020-04-13 16:49:51 - acc: 0.928, prec: -1.000, f1: 0.000
2020-04-13 16:49:51 - epoch: 90, phase: train, loss: 0.0002
2020-04-13 16:49:52 - [tp: 32 fn: 0] [fp: 0 tn: 409]
2020-04-13 16:49:52 - tpr: 1.000, tnr: 1.000
2020-04-13 16:49:52 - acc: 1.000, prec: 1.000, f1: 1.000
2020-04-13 16:49:52 - epoch: 90, phase: val, loss: 4.4241
2020-04-13 16:49:52 - [tp: 0 fn: 8] [fp: 1 tn: 102]
2020-04-13 16:49:52 - tpr: 0.000, tnr: 0.990
2020-04-13 16:49:52 - acc: 0.919, prec: 0.000, f1: -1.000
2020-04-13 16:49:53 - epoch: 91, phase: train, loss: 0.0001
2020-04-13 16:49:53 - [tp: 32 fn: 0] [fp: 0 tn: 409]
2020-04-13 16:49:53 - tpr: 1.000, tnr: 1.000
2020-04-13 16:49:53 - acc: 1.000, prec: 1.000, f1: 1.000
2020-04-13 16:49:53 - epoch: 91, phase: val, loss: 4.2992
2020-04-13 16:49:53 - [tp: 0 fn: 8] [fp: 0 tn: 103]
2020-04-13 16:49:53 - tpr: 0.000, tnr: 1.000
2020-04-13 16:49:53 - acc: 0.928, prec: -1.000, f1: 0.000
2020-04-13 16:49:54 - epoch: 92, phase: train, loss: 0.0001
2020-04-13 16:49:54 - [tp: 32 fn: 0] [fp: 0 tn: 409]
2020-04-13 16:49:54 - tpr: 1.000, tnr: 1.000
2020-04-13 16:49:54 - acc: 1.000, prec: 1.000, f1: 1.000
2020-04-13 16:49:55 - epoch: 92, phase: val, loss: 4.5040
2020-04-13 16:49:55 - [tp: 0 fn: 8] [fp: 0 tn: 103]
2020-04-13 16:49:55 - tpr: 0.000, tnr: 1.000
2020-04-13 16:49:55 - acc: 0.928, prec: -1.000, f1: 0.000
2020-04-13 16:49:56 - epoch: 93, phase: train, loss: 0.0001
2020-04-13 16:49:56 - [tp: 32 fn: 0] [fp: 0 tn: 409]
2020-04-13 16:49:56 - tpr: 1.000, tnr: 1.000
2020-04-13 16:49:56 - acc: 1.000, prec: 1.000, f1: 1.000
2020-04-13 16:49:56 - epoch: 93, phase: val, loss: 4.4168
2020-04-13 16:49:56 - [tp: 0 fn: 8] [fp: 1 tn: 102]
2020-04-13 16:49:56 - tpr: 0.000, tnr: 0.990
2020-04-13 16:49:56 - acc: 0.919, prec: 0.000, f1: -1.000
2020-04-13 16:49:57 - epoch: 94, phase: train, loss: 0.0001
2020-04-13 16:49:57 - [tp: 32 fn: 0] [fp: 0 tn: 409]
2020-04-13 16:49:57 - tpr: 1.000, tnr: 1.000
2020-04-13 16:49:57 - acc: 1.000, prec: 1.000, f1: 1.000
2020-04-13 16:49:57 - epoch: 94, phase: val, loss: 4.3719
2020-04-13 16:49:57 - [tp: 0 fn: 8] [fp: 1 tn: 102]
2020-04-13 16:49:57 - tpr: 0.000, tnr: 0.990
2020-04-13 16:49:57 - acc: 0.919, prec: 0.000, f1: -1.000
2020-04-13 16:49:58 - epoch: 95, phase: train, loss: 0.0001
2020-04-13 16:49:58 - [tp: 32 fn: 0] [fp: 0 tn: 409]
2020-04-13 16:49:58 - tpr: 1.000, tnr: 1.000
2020-04-13 16:49:58 - acc: 1.000, prec: 1.000, f1: 1.000
2020-04-13 16:49:59 - epoch: 95, phase: val, loss: 4.4175
2020-04-13 16:49:59 - [tp: 0 fn: 8] [fp: 1 tn: 102]
2020-04-13 16:49:59 - tpr: 0.000, tnr: 0.990
2020-04-13 16:49:59 - acc: 0.919, prec: 0.000, f1: -1.000
2020-04-13 16:50:00 - epoch: 96, phase: train, loss: 0.0001
2020-04-13 16:50:00 - [tp: 32 fn: 0] [fp: 0 tn: 409]
2020-04-13 16:50:00 - tpr: 1.000, tnr: 1.000
2020-04-13 16:50:00 - acc: 1.000, prec: 1.000, f1: 1.000
2020-04-13 16:50:00 - epoch: 96, phase: val, loss: 4.4159
2020-04-13 16:50:00 - [tp: 0 fn: 8] [fp: 0 tn: 103]
2020-04-13 16:50:00 - tpr: 0.000, tnr: 1.000
2020-04-13 16:50:00 - acc: 0.928, prec: -1.000, f1: 0.000
2020-04-13 16:50:01 - epoch: 97, phase: train, loss: 0.0001
2020-04-13 16:50:01 - [tp: 32 fn: 0] [fp: 0 tn: 409]
2020-04-13 16:50:01 - tpr: 1.000, tnr: 1.000
2020-04-13 16:50:01 - acc: 1.000, prec: 1.000, f1: 1.000
2020-04-13 16:50:01 - epoch: 97, phase: val, loss: 4.5460
2020-04-13 16:50:01 - [tp: 0 fn: 8] [fp: 1 tn: 102]
2020-04-13 16:50:01 - tpr: 0.000, tnr: 0.990
2020-04-13 16:50:01 - acc: 0.919, prec: 0.000, f1: -1.000
2020-04-13 16:50:02 - epoch: 98, phase: train, loss: 0.0001
2020-04-13 16:50:02 - [tp: 32 fn: 0] [fp: 0 tn: 409]
2020-04-13 16:50:02 - tpr: 1.000, tnr: 1.000
2020-04-13 16:50:02 - acc: 1.000, prec: 1.000, f1: 1.000
2020-04-13 16:50:03 - epoch: 98, phase: val, loss: 4.1658
2020-04-13 16:50:03 - [tp: 0 fn: 8] [fp: 1 tn: 102]
2020-04-13 16:50:03 - tpr: 0.000, tnr: 0.990
2020-04-13 16:50:03 - acc: 0.919, prec: 0.000, f1: -1.000
2020-04-13 16:50:04 - epoch: 99, phase: train, loss: 0.0001
2020-04-13 16:50:04 - [tp: 32 fn: 0] [fp: 0 tn: 409]
2020-04-13 16:50:04 - tpr: 1.000, tnr: 1.000
2020-04-13 16:50:04 - acc: 1.000, prec: 1.000, f1: 1.000
2020-04-13 16:50:04 - epoch: 99, phase: val, loss: 4.7669
2020-04-13 16:50:04 - [tp: 0 fn: 8] [fp: 1 tn: 102]
2020-04-13 16:50:04 - tpr: 0.000, tnr: 0.990
2020-04-13 16:50:04 - acc: 0.919, prec: 0.000, f1: -1.000
2020-04-13 16:50:05 - epoch: 100, phase: train, loss: 0.0000
2020-04-13 16:50:05 - [tp: 32 fn: 0] [fp: 0 tn: 409]
2020-04-13 16:50:05 - tpr: 1.000, tnr: 1.000
2020-04-13 16:50:05 - acc: 1.000, prec: 1.000, f1: 1.000
2020-04-13 16:50:05 - epoch: 100, phase: val, loss: 4.7781
2020-04-13 16:50:05 - [tp: 0 fn: 8] [fp: 1 tn: 102]
2020-04-13 16:50:05 - tpr: 0.000, tnr: 0.990
2020-04-13 16:50:05 - acc: 0.919, prec: 0.000, f1: -1.000
