2020-04-13 16:39:28 - ==== config ====
2020-04-13 16:39:28 - model_name simple_model
2020-04-13 16:39:28 - batch_size 10
2020-04-13 16:39:28 - num_epochs 100
2020-04-13 16:39:28 - ngpu 4
2020-04-13 16:39:28 - num_workers 4
2020-04-13 16:39:28 - lr 0.0002
2020-04-13 16:39:28 - uaph_path ./data/ctu/uaph.csv
2020-04-13 16:39:28 - data_path ./data/ctu/ctu_csv/
2020-04-13 16:39:28 - uaph_threshold 7.05
2020-04-13 16:39:28 - ================
2020-04-13 16:39:28 - dir_path: ./log/200413_163928_simple_model
2020-04-13 16:39:28 - seed: 999
2020-04-13 16:39:28 - train_size:441, val_size:111
2020-04-13 16:39:34 - Net(
  (seq): Sequential(
    (0): MaxPool1d(kernel_size=240, stride=240, padding=0, dilation=1, ceil_mode=False)
    (1): Conv1d(1, 3, kernel_size=(5,), stride=(1,), padding=(2,))
    (2): BatchNorm1d(3, eps=1e-05, momentum=0.1, affine=True, track_running_stats=True)
    (3): ReLU()
    (4): Flatten()
    (5): Linear(in_features=180, out_features=2, bias=True)
    (6): Softmax(dim=None)
  )
)
2020-04-13 16:39:34 - epoch: 1, phase: val, loss: 0.9313
2020-04-13 16:39:34 - [tp: 3 fn: 5] [fp: 76 tn: 27]
2020-04-13 16:39:34 - tpr: 0.375, tnr: 0.262
2020-04-13 16:39:34 - acc: 0.270, prec: 0.038, f1: 0.069
2020-04-13 16:39:35 - epoch: 2, phase: train, loss: 0.5294
2020-04-13 16:39:35 - [tp: 5 fn: 27] [fp: 46 tn: 363]
2020-04-13 16:39:35 - tpr: 0.156, tnr: 0.888
2020-04-13 16:39:35 - acc: 0.834, prec: 0.098, f1: 0.120
2020-04-13 16:39:36 - epoch: 2, phase: val, loss: 0.4407
2020-04-13 16:39:36 - [tp: 0 fn: 8] [fp: 2 tn: 101]
2020-04-13 16:39:36 - tpr: 0.000, tnr: 0.981
2020-04-13 16:39:36 - acc: 0.910, prec: 0.000, f1: -1.000
2020-04-13 16:39:36 - epoch: 3, phase: train, loss: 0.3621
2020-04-13 16:39:36 - [tp: 0 fn: 32] [fp: 0 tn: 409]
2020-04-13 16:39:36 - tpr: 0.000, tnr: 1.000
2020-04-13 16:39:36 - acc: 0.927, prec: -1.000, f1: 0.000
2020-04-13 16:39:37 - epoch: 3, phase: val, loss: 0.3808
2020-04-13 16:39:37 - [tp: 0 fn: 8] [fp: 0 tn: 103]
2020-04-13 16:39:37 - tpr: 0.000, tnr: 1.000
2020-04-13 16:39:37 - acc: 0.928, prec: -1.000, f1: 0.000
2020-04-13 16:39:38 - epoch: 4, phase: train, loss: 0.3052
2020-04-13 16:39:38 - [tp: 0 fn: 32] [fp: 0 tn: 409]
2020-04-13 16:39:38 - tpr: 0.000, tnr: 1.000
2020-04-13 16:39:38 - acc: 0.927, prec: -1.000, f1: 0.000
2020-04-13 16:39:38 - epoch: 4, phase: val, loss: 0.3417
2020-04-13 16:39:38 - [tp: 0 fn: 8] [fp: 0 tn: 103]
2020-04-13 16:39:38 - tpr: 0.000, tnr: 1.000
2020-04-13 16:39:38 - acc: 0.928, prec: -1.000, f1: 0.000
2020-04-13 16:39:39 - epoch: 5, phase: train, loss: 0.2833
2020-04-13 16:39:39 - [tp: 0 fn: 32] [fp: 0 tn: 409]
2020-04-13 16:39:39 - tpr: 0.000, tnr: 1.000
2020-04-13 16:39:39 - acc: 0.927, prec: -1.000, f1: 0.000
2020-04-13 16:39:39 - epoch: 5, phase: val, loss: 0.3397
2020-04-13 16:39:39 - [tp: 0 fn: 8] [fp: 0 tn: 103]
2020-04-13 16:39:39 - tpr: 0.000, tnr: 1.000
2020-04-13 16:39:39 - acc: 0.928, prec: -1.000, f1: 0.000
2020-04-13 16:39:40 - epoch: 6, phase: train, loss: 0.2673
2020-04-13 16:39:40 - [tp: 0 fn: 32] [fp: 0 tn: 409]
2020-04-13 16:39:40 - tpr: 0.000, tnr: 1.000
2020-04-13 16:39:40 - acc: 0.927, prec: -1.000, f1: 0.000
2020-04-13 16:39:41 - epoch: 6, phase: val, loss: 0.3271
2020-04-13 16:39:41 - [tp: 0 fn: 8] [fp: 0 tn: 103]
2020-04-13 16:39:41 - tpr: 0.000, tnr: 1.000
2020-04-13 16:39:41 - acc: 0.928, prec: -1.000, f1: 0.000
2020-04-13 16:39:42 - epoch: 7, phase: train, loss: 0.2582
2020-04-13 16:39:42 - [tp: 0 fn: 32] [fp: 0 tn: 409]
2020-04-13 16:39:42 - tpr: 0.000, tnr: 1.000
2020-04-13 16:39:42 - acc: 0.927, prec: -1.000, f1: 0.000
2020-04-13 16:39:42 - epoch: 7, phase: val, loss: 0.3121
2020-04-13 16:39:42 - [tp: 0 fn: 8] [fp: 0 tn: 103]
2020-04-13 16:39:42 - tpr: 0.000, tnr: 1.000
2020-04-13 16:39:42 - acc: 0.928, prec: -1.000, f1: 0.000
2020-04-13 16:39:43 - epoch: 8, phase: train, loss: 0.2554
2020-04-13 16:39:43 - [tp: 0 fn: 32] [fp: 0 tn: 409]
2020-04-13 16:39:43 - tpr: 0.000, tnr: 1.000
2020-04-13 16:39:43 - acc: 0.927, prec: -1.000, f1: 0.000
2020-04-13 16:39:43 - epoch: 8, phase: val, loss: 0.3166
2020-04-13 16:39:43 - [tp: 0 fn: 8] [fp: 0 tn: 103]
2020-04-13 16:39:43 - tpr: 0.000, tnr: 1.000
2020-04-13 16:39:43 - acc: 0.928, prec: -1.000, f1: 0.000
2020-04-13 16:39:44 - epoch: 9, phase: train, loss: 0.2526
2020-04-13 16:39:44 - [tp: 0 fn: 32] [fp: 0 tn: 409]
2020-04-13 16:39:44 - tpr: 0.000, tnr: 1.000
2020-04-13 16:39:44 - acc: 0.927, prec: -1.000, f1: 0.000
2020-04-13 16:39:45 - epoch: 9, phase: val, loss: 0.3024
2020-04-13 16:39:45 - [tp: 0 fn: 8] [fp: 0 tn: 103]
2020-04-13 16:39:45 - tpr: 0.000, tnr: 1.000
2020-04-13 16:39:45 - acc: 0.928, prec: -1.000, f1: 0.000
2020-04-13 16:39:46 - epoch: 10, phase: train, loss: 0.2441
2020-04-13 16:39:46 - [tp: 0 fn: 32] [fp: 0 tn: 409]
2020-04-13 16:39:46 - tpr: 0.000, tnr: 1.000
2020-04-13 16:39:46 - acc: 0.927, prec: -1.000, f1: 0.000
2020-04-13 16:39:46 - epoch: 10, phase: val, loss: 0.3031
2020-04-13 16:39:46 - [tp: 0 fn: 8] [fp: 0 tn: 103]
2020-04-13 16:39:46 - tpr: 0.000, tnr: 1.000
2020-04-13 16:39:46 - acc: 0.928, prec: -1.000, f1: 0.000
2020-04-13 16:39:47 - epoch: 11, phase: train, loss: 0.2457
2020-04-13 16:39:47 - [tp: 0 fn: 32] [fp: 0 tn: 409]
2020-04-13 16:39:47 - tpr: 0.000, tnr: 1.000
2020-04-13 16:39:47 - acc: 0.927, prec: -1.000, f1: 0.000
2020-04-13 16:39:47 - epoch: 11, phase: val, loss: 0.3023
2020-04-13 16:39:47 - [tp: 0 fn: 8] [fp: 0 tn: 103]
2020-04-13 16:39:47 - tpr: 0.000, tnr: 1.000
2020-04-13 16:39:47 - acc: 0.928, prec: -1.000, f1: 0.000
2020-04-13 16:39:48 - epoch: 12, phase: train, loss: 0.2360
2020-04-13 16:39:48 - [tp: 0 fn: 32] [fp: 0 tn: 409]
2020-04-13 16:39:48 - tpr: 0.000, tnr: 1.000
2020-04-13 16:39:48 - acc: 0.927, prec: -1.000, f1: 0.000
2020-04-13 16:39:49 - epoch: 12, phase: val, loss: 0.2968
2020-04-13 16:39:49 - [tp: 0 fn: 8] [fp: 0 tn: 103]
2020-04-13 16:39:49 - tpr: 0.000, tnr: 1.000
2020-04-13 16:39:49 - acc: 0.928, prec: -1.000, f1: 0.000
2020-04-13 16:39:49 - epoch: 13, phase: train, loss: 0.2361
2020-04-13 16:39:49 - [tp: 0 fn: 32] [fp: 0 tn: 409]
2020-04-13 16:39:49 - tpr: 0.000, tnr: 1.000
2020-04-13 16:39:49 - acc: 0.927, prec: -1.000, f1: 0.000
2020-04-13 16:39:50 - epoch: 13, phase: val, loss: 0.2861
2020-04-13 16:39:50 - [tp: 0 fn: 8] [fp: 0 tn: 103]
2020-04-13 16:39:50 - tpr: 0.000, tnr: 1.000
2020-04-13 16:39:50 - acc: 0.928, prec: -1.000, f1: 0.000
2020-04-13 16:39:51 - epoch: 14, phase: train, loss: 0.2349
2020-04-13 16:39:51 - [tp: 0 fn: 32] [fp: 0 tn: 409]
2020-04-13 16:39:51 - tpr: 0.000, tnr: 1.000
2020-04-13 16:39:51 - acc: 0.927, prec: -1.000, f1: 0.000
2020-04-13 16:39:51 - epoch: 14, phase: val, loss: 0.2859
2020-04-13 16:39:51 - [tp: 0 fn: 8] [fp: 0 tn: 103]
2020-04-13 16:39:51 - tpr: 0.000, tnr: 1.000
2020-04-13 16:39:51 - acc: 0.928, prec: -1.000, f1: 0.000
2020-04-13 16:39:52 - epoch: 15, phase: train, loss: 0.2253
2020-04-13 16:39:52 - [tp: 0 fn: 32] [fp: 0 tn: 409]
2020-04-13 16:39:52 - tpr: 0.000, tnr: 1.000
2020-04-13 16:39:52 - acc: 0.927, prec: -1.000, f1: 0.000
2020-04-13 16:39:52 - epoch: 15, phase: val, loss: 0.2862
2020-04-13 16:39:52 - [tp: 0 fn: 8] [fp: 0 tn: 103]
2020-04-13 16:39:52 - tpr: 0.000, tnr: 1.000
2020-04-13 16:39:52 - acc: 0.928, prec: -1.000, f1: 0.000
2020-04-13 16:39:53 - epoch: 16, phase: train, loss: 0.2225
2020-04-13 16:39:53 - [tp: 0 fn: 32] [fp: 0 tn: 409]
2020-04-13 16:39:53 - tpr: 0.000, tnr: 1.000
2020-04-13 16:39:53 - acc: 0.927, prec: -1.000, f1: 0.000
2020-04-13 16:39:54 - epoch: 16, phase: val, loss: 0.2816
2020-04-13 16:39:54 - [tp: 0 fn: 8] [fp: 0 tn: 103]
2020-04-13 16:39:54 - tpr: 0.000, tnr: 1.000
2020-04-13 16:39:54 - acc: 0.928, prec: -1.000, f1: 0.000
2020-04-13 16:39:55 - epoch: 17, phase: train, loss: 0.2190
2020-04-13 16:39:55 - [tp: 0 fn: 32] [fp: 0 tn: 409]
2020-04-13 16:39:55 - tpr: 0.000, tnr: 1.000
2020-04-13 16:39:55 - acc: 0.927, prec: -1.000, f1: 0.000
2020-04-13 16:39:55 - epoch: 17, phase: val, loss: 0.2812
2020-04-13 16:39:55 - [tp: 0 fn: 8] [fp: 0 tn: 103]
2020-04-13 16:39:55 - tpr: 0.000, tnr: 1.000
2020-04-13 16:39:55 - acc: 0.928, prec: -1.000, f1: 0.000
2020-04-13 16:39:56 - epoch: 18, phase: train, loss: 0.2147
2020-04-13 16:39:56 - [tp: 0 fn: 32] [fp: 0 tn: 409]
2020-04-13 16:39:56 - tpr: 0.000, tnr: 1.000
2020-04-13 16:39:56 - acc: 0.927, prec: -1.000, f1: 0.000
2020-04-13 16:39:56 - epoch: 18, phase: val, loss: 0.2754
2020-04-13 16:39:56 - [tp: 0 fn: 8] [fp: 0 tn: 103]
2020-04-13 16:39:56 - tpr: 0.000, tnr: 1.000
2020-04-13 16:39:56 - acc: 0.928, prec: -1.000, f1: 0.000
2020-04-13 16:39:57 - epoch: 19, phase: train, loss: 0.2150
2020-04-13 16:39:57 - [tp: 0 fn: 32] [fp: 0 tn: 409]
2020-04-13 16:39:57 - tpr: 0.000, tnr: 1.000
2020-04-13 16:39:57 - acc: 0.927, prec: -1.000, f1: 0.000
2020-04-13 16:39:58 - epoch: 19, phase: val, loss: 0.3007
2020-04-13 16:39:58 - [tp: 0 fn: 8] [fp: 0 tn: 103]
2020-04-13 16:39:58 - tpr: 0.000, tnr: 1.000
2020-04-13 16:39:58 - acc: 0.928, prec: -1.000, f1: 0.000
2020-04-13 16:39:59 - epoch: 20, phase: train, loss: 0.2086
2020-04-13 16:39:59 - [tp: 0 fn: 32] [fp: 0 tn: 409]
2020-04-13 16:39:59 - tpr: 0.000, tnr: 1.000
2020-04-13 16:39:59 - acc: 0.927, prec: -1.000, f1: 0.000
2020-04-13 16:39:59 - epoch: 20, phase: val, loss: 0.2712
2020-04-13 16:39:59 - [tp: 0 fn: 8] [fp: 0 tn: 103]
2020-04-13 16:39:59 - tpr: 0.000, tnr: 1.000
2020-04-13 16:39:59 - acc: 0.928, prec: -1.000, f1: 0.000
2020-04-13 16:40:00 - epoch: 21, phase: train, loss: 0.2034
2020-04-13 16:40:00 - [tp: 0 fn: 32] [fp: 0 tn: 409]
2020-04-13 16:40:00 - tpr: 0.000, tnr: 1.000
2020-04-13 16:40:00 - acc: 0.927, prec: -1.000, f1: 0.000
2020-04-13 16:40:00 - epoch: 21, phase: val, loss: 0.2676
2020-04-13 16:40:00 - [tp: 0 fn: 8] [fp: 0 tn: 103]
2020-04-13 16:40:00 - tpr: 0.000, tnr: 1.000
2020-04-13 16:40:00 - acc: 0.928, prec: -1.000, f1: 0.000
2020-04-13 16:40:01 - epoch: 22, phase: train, loss: 0.1991
2020-04-13 16:40:01 - [tp: 0 fn: 32] [fp: 0 tn: 409]
2020-04-13 16:40:01 - tpr: 0.000, tnr: 1.000
2020-04-13 16:40:01 - acc: 0.927, prec: -1.000, f1: 0.000
2020-04-13 16:40:02 - epoch: 22, phase: val, loss: 0.2728
2020-04-13 16:40:02 - [tp: 0 fn: 8] [fp: 0 tn: 103]
2020-04-13 16:40:02 - tpr: 0.000, tnr: 1.000
2020-04-13 16:40:02 - acc: 0.928, prec: -1.000, f1: 0.000
2020-04-13 16:40:02 - epoch: 23, phase: train, loss: 0.1973
2020-04-13 16:40:02 - [tp: 0 fn: 32] [fp: 0 tn: 409]
2020-04-13 16:40:02 - tpr: 0.000, tnr: 1.000
2020-04-13 16:40:02 - acc: 0.927, prec: -1.000, f1: 0.000
2020-04-13 16:40:03 - epoch: 23, phase: val, loss: 0.2706
2020-04-13 16:40:03 - [tp: 0 fn: 8] [fp: 0 tn: 103]
2020-04-13 16:40:03 - tpr: 0.000, tnr: 1.000
2020-04-13 16:40:03 - acc: 0.928, prec: -1.000, f1: 0.000
2020-04-13 16:40:04 - epoch: 24, phase: train, loss: 0.1972
2020-04-13 16:40:04 - [tp: 1 fn: 31] [fp: 0 tn: 409]
2020-04-13 16:40:04 - tpr: 0.031, tnr: 1.000
2020-04-13 16:40:04 - acc: 0.930, prec: 1.000, f1: 0.061
2020-04-13 16:40:04 - epoch: 24, phase: val, loss: 0.2722
2020-04-13 16:40:04 - [tp: 0 fn: 8] [fp: 0 tn: 103]
2020-04-13 16:40:04 - tpr: 0.000, tnr: 1.000
2020-04-13 16:40:04 - acc: 0.928, prec: -1.000, f1: 0.000
2020-04-13 16:40:05 - epoch: 25, phase: train, loss: 0.1938
2020-04-13 16:40:05 - [tp: 2 fn: 30] [fp: 0 tn: 409]
2020-04-13 16:40:05 - tpr: 0.062, tnr: 1.000
2020-04-13 16:40:05 - acc: 0.932, prec: 1.000, f1: 0.118
2020-04-13 16:40:05 - epoch: 25, phase: val, loss: 0.2707
2020-04-13 16:40:05 - [tp: 0 fn: 8] [fp: 1 tn: 102]
2020-04-13 16:40:05 - tpr: 0.000, tnr: 0.990
2020-04-13 16:40:05 - acc: 0.919, prec: 0.000, f1: -1.000
2020-04-13 16:40:06 - epoch: 26, phase: train, loss: 0.1900
2020-04-13 16:40:06 - [tp: 3 fn: 29] [fp: 0 tn: 409]
2020-04-13 16:40:06 - tpr: 0.094, tnr: 1.000
2020-04-13 16:40:06 - acc: 0.934, prec: 1.000, f1: 0.171
2020-04-13 16:40:07 - epoch: 26, phase: val, loss: 0.2695
2020-04-13 16:40:07 - [tp: 0 fn: 8] [fp: 1 tn: 102]
2020-04-13 16:40:07 - tpr: 0.000, tnr: 0.990
2020-04-13 16:40:07 - acc: 0.919, prec: 0.000, f1: -1.000
2020-04-13 16:40:08 - epoch: 27, phase: train, loss: 0.1887
2020-04-13 16:40:08 - [tp: 3 fn: 29] [fp: 0 tn: 409]
2020-04-13 16:40:08 - tpr: 0.094, tnr: 1.000
2020-04-13 16:40:08 - acc: 0.934, prec: 1.000, f1: 0.171
2020-04-13 16:40:08 - epoch: 27, phase: val, loss: 0.2674
2020-04-13 16:40:08 - [tp: 0 fn: 8] [fp: 2 tn: 101]
2020-04-13 16:40:08 - tpr: 0.000, tnr: 0.981
2020-04-13 16:40:08 - acc: 0.910, prec: 0.000, f1: -1.000
2020-04-13 16:40:09 - epoch: 28, phase: train, loss: 0.1829
2020-04-13 16:40:09 - [tp: 3 fn: 29] [fp: 0 tn: 409]
2020-04-13 16:40:09 - tpr: 0.094, tnr: 1.000
2020-04-13 16:40:09 - acc: 0.934, prec: 1.000, f1: 0.171
2020-04-13 16:40:09 - epoch: 28, phase: val, loss: 0.2682
2020-04-13 16:40:09 - [tp: 0 fn: 8] [fp: 2 tn: 101]
2020-04-13 16:40:09 - tpr: 0.000, tnr: 0.981
2020-04-13 16:40:09 - acc: 0.910, prec: 0.000, f1: -1.000
2020-04-13 16:40:10 - epoch: 29, phase: train, loss: 0.1844
2020-04-13 16:40:10 - [tp: 4 fn: 28] [fp: 0 tn: 409]
2020-04-13 16:40:10 - tpr: 0.125, tnr: 1.000
2020-04-13 16:40:10 - acc: 0.937, prec: 1.000, f1: 0.222
2020-04-13 16:40:11 - epoch: 29, phase: val, loss: 0.2667
2020-04-13 16:40:11 - [tp: 0 fn: 8] [fp: 2 tn: 101]
2020-04-13 16:40:11 - tpr: 0.000, tnr: 0.981
2020-04-13 16:40:11 - acc: 0.910, prec: 0.000, f1: -1.000
2020-04-13 16:40:12 - epoch: 30, phase: train, loss: 0.1839
2020-04-13 16:40:12 - [tp: 6 fn: 26] [fp: 0 tn: 409]
2020-04-13 16:40:12 - tpr: 0.188, tnr: 1.000
2020-04-13 16:40:12 - acc: 0.941, prec: 1.000, f1: 0.316
2020-04-13 16:40:12 - epoch: 30, phase: val, loss: 0.2679
2020-04-13 16:40:12 - [tp: 0 fn: 8] [fp: 2 tn: 101]
2020-04-13 16:40:12 - tpr: 0.000, tnr: 0.981
2020-04-13 16:40:12 - acc: 0.910, prec: 0.000, f1: -1.000
2020-04-13 16:40:13 - epoch: 31, phase: train, loss: 0.1806
2020-04-13 16:40:13 - [tp: 3 fn: 29] [fp: 0 tn: 409]
2020-04-13 16:40:13 - tpr: 0.094, tnr: 1.000
2020-04-13 16:40:13 - acc: 0.934, prec: 1.000, f1: 0.171
2020-04-13 16:40:13 - epoch: 31, phase: val, loss: 0.2680
2020-04-13 16:40:13 - [tp: 0 fn: 8] [fp: 2 tn: 101]
2020-04-13 16:40:13 - tpr: 0.000, tnr: 0.981
2020-04-13 16:40:13 - acc: 0.910, prec: 0.000, f1: -1.000
2020-04-13 16:40:14 - epoch: 32, phase: train, loss: 0.1797
2020-04-13 16:40:14 - [tp: 4 fn: 28] [fp: 0 tn: 409]
2020-04-13 16:40:14 - tpr: 0.125, tnr: 1.000
2020-04-13 16:40:14 - acc: 0.937, prec: 1.000, f1: 0.222
2020-04-13 16:40:15 - epoch: 32, phase: val, loss: 0.2683
2020-04-13 16:40:15 - [tp: 0 fn: 8] [fp: 2 tn: 101]
2020-04-13 16:40:15 - tpr: 0.000, tnr: 0.981
2020-04-13 16:40:15 - acc: 0.910, prec: 0.000, f1: -1.000
2020-04-13 16:40:15 - epoch: 33, phase: train, loss: 0.1803
2020-04-13 16:40:15 - [tp: 6 fn: 26] [fp: 0 tn: 409]
2020-04-13 16:40:15 - tpr: 0.188, tnr: 1.000
2020-04-13 16:40:15 - acc: 0.941, prec: 1.000, f1: 0.316
2020-04-13 16:40:16 - epoch: 33, phase: val, loss: 0.2680
2020-04-13 16:40:16 - [tp: 0 fn: 8] [fp: 2 tn: 101]
2020-04-13 16:40:16 - tpr: 0.000, tnr: 0.981
2020-04-13 16:40:16 - acc: 0.910, prec: 0.000, f1: -1.000
2020-04-13 16:40:17 - epoch: 34, phase: train, loss: 0.1752
2020-04-13 16:40:17 - [tp: 6 fn: 26] [fp: 0 tn: 409]
2020-04-13 16:40:17 - tpr: 0.188, tnr: 1.000
2020-04-13 16:40:17 - acc: 0.941, prec: 1.000, f1: 0.316
2020-04-13 16:40:17 - epoch: 34, phase: val, loss: 0.2695
2020-04-13 16:40:17 - [tp: 0 fn: 8] [fp: 2 tn: 101]
2020-04-13 16:40:17 - tpr: 0.000, tnr: 0.981
2020-04-13 16:40:17 - acc: 0.910, prec: 0.000, f1: -1.000
2020-04-13 16:40:18 - epoch: 35, phase: train, loss: 0.1734
2020-04-13 16:40:18 - [tp: 6 fn: 26] [fp: 0 tn: 409]
2020-04-13 16:40:18 - tpr: 0.188, tnr: 1.000
2020-04-13 16:40:18 - acc: 0.941, prec: 1.000, f1: 0.316
2020-04-13 16:40:19 - epoch: 35, phase: val, loss: 0.2693
2020-04-13 16:40:19 - [tp: 0 fn: 8] [fp: 2 tn: 101]
2020-04-13 16:40:19 - tpr: 0.000, tnr: 0.981
2020-04-13 16:40:19 - acc: 0.910, prec: 0.000, f1: -1.000
2020-04-13 16:40:19 - epoch: 36, phase: train, loss: 0.1738
2020-04-13 16:40:19 - [tp: 6 fn: 26] [fp: 0 tn: 409]
2020-04-13 16:40:19 - tpr: 0.188, tnr: 1.000
2020-04-13 16:40:19 - acc: 0.941, prec: 1.000, f1: 0.316
2020-04-13 16:40:20 - epoch: 36, phase: val, loss: 0.2652
2020-04-13 16:40:20 - [tp: 0 fn: 8] [fp: 2 tn: 101]
2020-04-13 16:40:20 - tpr: 0.000, tnr: 0.981
2020-04-13 16:40:20 - acc: 0.910, prec: 0.000, f1: -1.000
2020-04-13 16:40:21 - epoch: 37, phase: train, loss: 0.1744
2020-04-13 16:40:21 - [tp: 6 fn: 26] [fp: 0 tn: 409]
2020-04-13 16:40:21 - tpr: 0.188, tnr: 1.000
2020-04-13 16:40:21 - acc: 0.941, prec: 1.000, f1: 0.316
2020-04-13 16:40:21 - epoch: 37, phase: val, loss: 0.2666
2020-04-13 16:40:21 - [tp: 0 fn: 8] [fp: 2 tn: 101]
2020-04-13 16:40:21 - tpr: 0.000, tnr: 0.981
2020-04-13 16:40:21 - acc: 0.910, prec: 0.000, f1: -1.000
2020-04-13 16:40:22 - epoch: 38, phase: train, loss: 0.1676
2020-04-13 16:40:22 - [tp: 6 fn: 26] [fp: 0 tn: 409]
2020-04-13 16:40:22 - tpr: 0.188, tnr: 1.000
2020-04-13 16:40:22 - acc: 0.941, prec: 1.000, f1: 0.316
2020-04-13 16:40:22 - epoch: 38, phase: val, loss: 0.2715
2020-04-13 16:40:22 - [tp: 0 fn: 8] [fp: 2 tn: 101]
2020-04-13 16:40:22 - tpr: 0.000, tnr: 0.981
2020-04-13 16:40:22 - acc: 0.910, prec: 0.000, f1: -1.000
2020-04-13 16:40:23 - epoch: 39, phase: train, loss: 0.1669
2020-04-13 16:40:23 - [tp: 7 fn: 25] [fp: 0 tn: 409]
2020-04-13 16:40:23 - tpr: 0.219, tnr: 1.000
2020-04-13 16:40:23 - acc: 0.943, prec: 1.000, f1: 0.359
2020-04-13 16:40:24 - epoch: 39, phase: val, loss: 0.2693
2020-04-13 16:40:24 - [tp: 0 fn: 8] [fp: 2 tn: 101]
2020-04-13 16:40:24 - tpr: 0.000, tnr: 0.981
2020-04-13 16:40:24 - acc: 0.910, prec: 0.000, f1: -1.000
2020-04-13 16:40:25 - epoch: 40, phase: train, loss: 0.1676
2020-04-13 16:40:25 - [tp: 7 fn: 25] [fp: 0 tn: 409]
2020-04-13 16:40:25 - tpr: 0.219, tnr: 1.000
2020-04-13 16:40:25 - acc: 0.943, prec: 1.000, f1: 0.359
2020-04-13 16:40:25 - epoch: 40, phase: val, loss: 0.2714
2020-04-13 16:40:25 - [tp: 0 fn: 8] [fp: 2 tn: 101]
2020-04-13 16:40:25 - tpr: 0.000, tnr: 0.981
2020-04-13 16:40:25 - acc: 0.910, prec: 0.000, f1: -1.000
2020-04-13 16:40:26 - epoch: 41, phase: train, loss: 0.1658
2020-04-13 16:40:26 - [tp: 6 fn: 26] [fp: 0 tn: 409]
2020-04-13 16:40:26 - tpr: 0.188, tnr: 1.000
2020-04-13 16:40:26 - acc: 0.941, prec: 1.000, f1: 0.316
2020-04-13 16:40:26 - epoch: 41, phase: val, loss: 0.2752
2020-04-13 16:40:26 - [tp: 0 fn: 8] [fp: 2 tn: 101]
2020-04-13 16:40:26 - tpr: 0.000, tnr: 0.981
2020-04-13 16:40:26 - acc: 0.910, prec: 0.000, f1: -1.000
2020-04-13 16:40:27 - epoch: 42, phase: train, loss: 0.1675
2020-04-13 16:40:27 - [tp: 8 fn: 24] [fp: 0 tn: 409]
2020-04-13 16:40:27 - tpr: 0.250, tnr: 1.000
2020-04-13 16:40:27 - acc: 0.946, prec: 1.000, f1: 0.400
2020-04-13 16:40:28 - epoch: 42, phase: val, loss: 0.2715
2020-04-13 16:40:28 - [tp: 0 fn: 8] [fp: 2 tn: 101]
2020-04-13 16:40:28 - tpr: 0.000, tnr: 0.981
2020-04-13 16:40:28 - acc: 0.910, prec: 0.000, f1: -1.000
2020-04-13 16:40:29 - epoch: 43, phase: train, loss: 0.1646
2020-04-13 16:40:29 - [tp: 7 fn: 25] [fp: 0 tn: 409]
2020-04-13 16:40:29 - tpr: 0.219, tnr: 1.000
2020-04-13 16:40:29 - acc: 0.943, prec: 1.000, f1: 0.359
2020-04-13 16:40:29 - epoch: 43, phase: val, loss: 0.2665
2020-04-13 16:40:29 - [tp: 0 fn: 8] [fp: 2 tn: 101]
2020-04-13 16:40:29 - tpr: 0.000, tnr: 0.981
2020-04-13 16:40:29 - acc: 0.910, prec: 0.000, f1: -1.000
2020-04-13 16:40:30 - epoch: 44, phase: train, loss: 0.1580
2020-04-13 16:40:30 - [tp: 7 fn: 25] [fp: 0 tn: 409]
2020-04-13 16:40:30 - tpr: 0.219, tnr: 1.000
2020-04-13 16:40:30 - acc: 0.943, prec: 1.000, f1: 0.359
2020-04-13 16:40:30 - epoch: 44, phase: val, loss: 0.2703
2020-04-13 16:40:30 - [tp: 0 fn: 8] [fp: 2 tn: 101]
2020-04-13 16:40:30 - tpr: 0.000, tnr: 0.981
2020-04-13 16:40:30 - acc: 0.910, prec: 0.000, f1: -1.000
2020-04-13 16:40:31 - epoch: 45, phase: train, loss: 0.1539
2020-04-13 16:40:31 - [tp: 7 fn: 25] [fp: 0 tn: 409]
2020-04-13 16:40:31 - tpr: 0.219, tnr: 1.000
2020-04-13 16:40:31 - acc: 0.943, prec: 1.000, f1: 0.359
2020-04-13 16:40:32 - epoch: 45, phase: val, loss: 0.2679
2020-04-13 16:40:32 - [tp: 0 fn: 8] [fp: 2 tn: 101]
2020-04-13 16:40:32 - tpr: 0.000, tnr: 0.981
2020-04-13 16:40:32 - acc: 0.910, prec: 0.000, f1: -1.000
2020-04-13 16:40:33 - epoch: 46, phase: train, loss: 0.1558
2020-04-13 16:40:33 - [tp: 8 fn: 24] [fp: 0 tn: 409]
2020-04-13 16:40:33 - tpr: 0.250, tnr: 1.000
2020-04-13 16:40:33 - acc: 0.946, prec: 1.000, f1: 0.400
2020-04-13 16:40:33 - epoch: 46, phase: val, loss: 0.2692
2020-04-13 16:40:33 - [tp: 0 fn: 8] [fp: 2 tn: 101]
2020-04-13 16:40:33 - tpr: 0.000, tnr: 0.981
2020-04-13 16:40:33 - acc: 0.910, prec: 0.000, f1: -1.000
2020-04-13 16:40:34 - epoch: 47, phase: train, loss: 0.1537
2020-04-13 16:40:34 - [tp: 8 fn: 24] [fp: 0 tn: 409]
2020-04-13 16:40:34 - tpr: 0.250, tnr: 1.000
2020-04-13 16:40:34 - acc: 0.946, prec: 1.000, f1: 0.400
2020-04-13 16:40:35 - epoch: 47, phase: val, loss: 0.2717
2020-04-13 16:40:35 - [tp: 0 fn: 8] [fp: 2 tn: 101]
2020-04-13 16:40:35 - tpr: 0.000, tnr: 0.981
2020-04-13 16:40:35 - acc: 0.910, prec: 0.000, f1: -1.000
2020-04-13 16:40:36 - epoch: 48, phase: train, loss: 0.1577
2020-04-13 16:40:36 - [tp: 8 fn: 24] [fp: 0 tn: 409]
2020-04-13 16:40:36 - tpr: 0.250, tnr: 1.000
2020-04-13 16:40:36 - acc: 0.946, prec: 1.000, f1: 0.400
2020-04-13 16:40:36 - epoch: 48, phase: val, loss: 0.2677
2020-04-13 16:40:36 - [tp: 0 fn: 8] [fp: 2 tn: 101]
2020-04-13 16:40:36 - tpr: 0.000, tnr: 0.981
2020-04-13 16:40:36 - acc: 0.910, prec: 0.000, f1: -1.000
2020-04-13 16:40:37 - epoch: 49, phase: train, loss: 0.1524
2020-04-13 16:40:37 - [tp: 9 fn: 23] [fp: 0 tn: 409]
2020-04-13 16:40:37 - tpr: 0.281, tnr: 1.000
2020-04-13 16:40:37 - acc: 0.948, prec: 1.000, f1: 0.439
2020-04-13 16:40:37 - epoch: 49, phase: val, loss: 0.2673
2020-04-13 16:40:37 - [tp: 0 fn: 8] [fp: 2 tn: 101]
2020-04-13 16:40:37 - tpr: 0.000, tnr: 0.981
2020-04-13 16:40:37 - acc: 0.910, prec: 0.000, f1: -1.000
2020-04-13 16:40:38 - epoch: 50, phase: train, loss: 0.1526
2020-04-13 16:40:38 - [tp: 9 fn: 23] [fp: 0 tn: 409]
2020-04-13 16:40:38 - tpr: 0.281, tnr: 1.000
2020-04-13 16:40:38 - acc: 0.948, prec: 1.000, f1: 0.439
2020-04-13 16:40:39 - epoch: 50, phase: val, loss: 0.2661
2020-04-13 16:40:39 - [tp: 0 fn: 8] [fp: 2 tn: 101]
2020-04-13 16:40:39 - tpr: 0.000, tnr: 0.981
2020-04-13 16:40:39 - acc: 0.910, prec: 0.000, f1: -1.000
2020-04-13 16:40:40 - epoch: 51, phase: train, loss: 0.1491
2020-04-13 16:40:40 - [tp: 8 fn: 24] [fp: 0 tn: 409]
2020-04-13 16:40:40 - tpr: 0.250, tnr: 1.000
2020-04-13 16:40:40 - acc: 0.946, prec: 1.000, f1: 0.400
2020-04-13 16:40:40 - epoch: 51, phase: val, loss: 0.2728
2020-04-13 16:40:40 - [tp: 0 fn: 8] [fp: 2 tn: 101]
2020-04-13 16:40:40 - tpr: 0.000, tnr: 0.981
2020-04-13 16:40:40 - acc: 0.910, prec: 0.000, f1: -1.000
2020-04-13 16:40:41 - epoch: 52, phase: train, loss: 0.1477
2020-04-13 16:40:41 - [tp: 10 fn: 22] [fp: 0 tn: 409]
2020-04-13 16:40:41 - tpr: 0.312, tnr: 1.000
2020-04-13 16:40:41 - acc: 0.950, prec: 1.000, f1: 0.476
2020-04-13 16:40:42 - epoch: 52, phase: val, loss: 0.2712
2020-04-13 16:40:42 - [tp: 0 fn: 8] [fp: 2 tn: 101]
2020-04-13 16:40:42 - tpr: 0.000, tnr: 0.981
2020-04-13 16:40:42 - acc: 0.910, prec: 0.000, f1: -1.000
2020-04-13 16:40:43 - epoch: 53, phase: train, loss: 0.1452
2020-04-13 16:40:43 - [tp: 9 fn: 23] [fp: 0 tn: 409]
2020-04-13 16:40:43 - tpr: 0.281, tnr: 1.000
2020-04-13 16:40:43 - acc: 0.948, prec: 1.000, f1: 0.439
2020-04-13 16:40:43 - epoch: 53, phase: val, loss: 0.2675
2020-04-13 16:40:43 - [tp: 0 fn: 8] [fp: 2 tn: 101]
2020-04-13 16:40:43 - tpr: 0.000, tnr: 0.981
2020-04-13 16:40:43 - acc: 0.910, prec: 0.000, f1: -1.000
2020-04-13 16:40:44 - epoch: 54, phase: train, loss: 0.1469
2020-04-13 16:40:44 - [tp: 9 fn: 23] [fp: 0 tn: 409]
2020-04-13 16:40:44 - tpr: 0.281, tnr: 1.000
2020-04-13 16:40:44 - acc: 0.948, prec: 1.000, f1: 0.439
2020-04-13 16:40:44 - epoch: 54, phase: val, loss: 0.2859
2020-04-13 16:40:44 - [tp: 0 fn: 8] [fp: 2 tn: 101]
2020-04-13 16:40:44 - tpr: 0.000, tnr: 0.981
2020-04-13 16:40:44 - acc: 0.910, prec: 0.000, f1: -1.000
2020-04-13 16:40:45 - epoch: 55, phase: train, loss: 0.1437
2020-04-13 16:40:45 - [tp: 11 fn: 21] [fp: 0 tn: 409]
2020-04-13 16:40:45 - tpr: 0.344, tnr: 1.000
2020-04-13 16:40:45 - acc: 0.952, prec: 1.000, f1: 0.512
2020-04-13 16:40:46 - epoch: 55, phase: val, loss: 0.2702
2020-04-13 16:40:46 - [tp: 0 fn: 8] [fp: 2 tn: 101]
2020-04-13 16:40:46 - tpr: 0.000, tnr: 0.981
2020-04-13 16:40:46 - acc: 0.910, prec: 0.000, f1: -1.000
2020-04-13 16:40:47 - epoch: 56, phase: train, loss: 0.1427
2020-04-13 16:40:47 - [tp: 9 fn: 23] [fp: 0 tn: 409]
2020-04-13 16:40:47 - tpr: 0.281, tnr: 1.000
2020-04-13 16:40:47 - acc: 0.948, prec: 1.000, f1: 0.439
2020-04-13 16:40:47 - epoch: 56, phase: val, loss: 0.2710
2020-04-13 16:40:47 - [tp: 0 fn: 8] [fp: 2 tn: 101]
2020-04-13 16:40:47 - tpr: 0.000, tnr: 0.981
2020-04-13 16:40:47 - acc: 0.910, prec: 0.000, f1: -1.000
2020-04-13 16:40:48 - epoch: 57, phase: train, loss: 0.1424
2020-04-13 16:40:48 - [tp: 11 fn: 21] [fp: 0 tn: 409]
2020-04-13 16:40:48 - tpr: 0.344, tnr: 1.000
2020-04-13 16:40:48 - acc: 0.952, prec: 1.000, f1: 0.512
2020-04-13 16:40:48 - epoch: 57, phase: val, loss: 0.2771
2020-04-13 16:40:48 - [tp: 0 fn: 8] [fp: 2 tn: 101]
2020-04-13 16:40:48 - tpr: 0.000, tnr: 0.981
2020-04-13 16:40:48 - acc: 0.910, prec: 0.000, f1: -1.000
2020-04-13 16:40:49 - epoch: 58, phase: train, loss: 0.1442
2020-04-13 16:40:49 - [tp: 13 fn: 19] [fp: 1 tn: 408]
2020-04-13 16:40:49 - tpr: 0.406, tnr: 0.998
2020-04-13 16:40:49 - acc: 0.955, prec: 0.929, f1: 0.565
2020-04-13 16:40:50 - epoch: 58, phase: val, loss: 0.2771
2020-04-13 16:40:50 - [tp: 0 fn: 8] [fp: 2 tn: 101]
2020-04-13 16:40:50 - tpr: 0.000, tnr: 0.981
2020-04-13 16:40:50 - acc: 0.910, prec: 0.000, f1: -1.000
2020-04-13 16:40:51 - epoch: 59, phase: train, loss: 0.1398
2020-04-13 16:40:51 - [tp: 15 fn: 17] [fp: 0 tn: 409]
2020-04-13 16:40:51 - tpr: 0.469, tnr: 1.000
2020-04-13 16:40:51 - acc: 0.961, prec: 1.000, f1: 0.638
2020-04-13 16:40:51 - epoch: 59, phase: val, loss: 0.2761
2020-04-13 16:40:51 - [tp: 0 fn: 8] [fp: 2 tn: 101]
2020-04-13 16:40:51 - tpr: 0.000, tnr: 0.981
2020-04-13 16:40:51 - acc: 0.910, prec: 0.000, f1: -1.000
2020-04-13 16:40:52 - epoch: 60, phase: train, loss: 0.1388
2020-04-13 16:40:52 - [tp: 14 fn: 18] [fp: 0 tn: 409]
2020-04-13 16:40:52 - tpr: 0.438, tnr: 1.000
2020-04-13 16:40:52 - acc: 0.959, prec: 1.000, f1: 0.609
2020-04-13 16:40:52 - epoch: 60, phase: val, loss: 0.2756
2020-04-13 16:40:52 - [tp: 0 fn: 8] [fp: 2 tn: 101]
2020-04-13 16:40:52 - tpr: 0.000, tnr: 0.981
2020-04-13 16:40:52 - acc: 0.910, prec: 0.000, f1: -1.000
2020-04-13 16:40:53 - epoch: 61, phase: train, loss: 0.1387
2020-04-13 16:40:53 - [tp: 14 fn: 18] [fp: 0 tn: 409]
2020-04-13 16:40:53 - tpr: 0.438, tnr: 1.000
2020-04-13 16:40:53 - acc: 0.959, prec: 1.000, f1: 0.609
2020-04-13 16:40:54 - epoch: 61, phase: val, loss: 0.2767
2020-04-13 16:40:54 - [tp: 0 fn: 8] [fp: 2 tn: 101]
2020-04-13 16:40:54 - tpr: 0.000, tnr: 0.981
2020-04-13 16:40:54 - acc: 0.910, prec: 0.000, f1: -1.000
2020-04-13 16:40:55 - epoch: 62, phase: train, loss: 0.1379
2020-04-13 16:40:55 - [tp: 11 fn: 21] [fp: 0 tn: 409]
2020-04-13 16:40:55 - tpr: 0.344, tnr: 1.000
2020-04-13 16:40:55 - acc: 0.952, prec: 1.000, f1: 0.512
2020-04-13 16:40:55 - epoch: 62, phase: val, loss: 0.2720
2020-04-13 16:40:55 - [tp: 0 fn: 8] [fp: 2 tn: 101]
2020-04-13 16:40:55 - tpr: 0.000, tnr: 0.981
2020-04-13 16:40:55 - acc: 0.910, prec: 0.000, f1: -1.000
2020-04-13 16:40:56 - epoch: 63, phase: train, loss: 0.1321
2020-04-13 16:40:56 - [tp: 12 fn: 20] [fp: 0 tn: 409]
2020-04-13 16:40:56 - tpr: 0.375, tnr: 1.000
2020-04-13 16:40:56 - acc: 0.955, prec: 1.000, f1: 0.545
2020-04-13 16:40:56 - epoch: 63, phase: val, loss: 0.2795
2020-04-13 16:40:56 - [tp: 0 fn: 8] [fp: 2 tn: 101]
2020-04-13 16:40:56 - tpr: 0.000, tnr: 0.981
2020-04-13 16:40:56 - acc: 0.910, prec: 0.000, f1: -1.000
2020-04-13 16:40:57 - epoch: 64, phase: train, loss: 0.1302
2020-04-13 16:40:57 - [tp: 13 fn: 19] [fp: 0 tn: 409]
2020-04-13 16:40:57 - tpr: 0.406, tnr: 1.000
2020-04-13 16:40:57 - acc: 0.957, prec: 1.000, f1: 0.578
2020-04-13 16:40:58 - epoch: 64, phase: val, loss: 0.2730
2020-04-13 16:40:58 - [tp: 0 fn: 8] [fp: 2 tn: 101]
2020-04-13 16:40:58 - tpr: 0.000, tnr: 0.981
2020-04-13 16:40:58 - acc: 0.910, prec: 0.000, f1: -1.000
2020-04-13 16:40:59 - epoch: 65, phase: train, loss: 0.1344
2020-04-13 16:40:59 - [tp: 14 fn: 18] [fp: 1 tn: 408]
2020-04-13 16:40:59 - tpr: 0.438, tnr: 0.998
2020-04-13 16:40:59 - acc: 0.957, prec: 0.933, f1: 0.596
2020-04-13 16:40:59 - epoch: 65, phase: val, loss: 0.2750
2020-04-13 16:40:59 - [tp: 0 fn: 8] [fp: 2 tn: 101]
2020-04-13 16:40:59 - tpr: 0.000, tnr: 0.981
2020-04-13 16:40:59 - acc: 0.910, prec: 0.000, f1: -1.000
2020-04-13 16:41:00 - epoch: 66, phase: train, loss: 0.1329
2020-04-13 16:41:00 - [tp: 15 fn: 17] [fp: 0 tn: 409]
2020-04-13 16:41:00 - tpr: 0.469, tnr: 1.000
2020-04-13 16:41:00 - acc: 0.961, prec: 1.000, f1: 0.638
2020-04-13 16:41:00 - epoch: 66, phase: val, loss: 0.2830
2020-04-13 16:41:00 - [tp: 0 fn: 8] [fp: 2 tn: 101]
2020-04-13 16:41:00 - tpr: 0.000, tnr: 0.981
2020-04-13 16:41:00 - acc: 0.910, prec: 0.000, f1: -1.000
2020-04-13 16:41:01 - epoch: 67, phase: train, loss: 0.1341
2020-04-13 16:41:01 - [tp: 16 fn: 16] [fp: 0 tn: 409]
2020-04-13 16:41:01 - tpr: 0.500, tnr: 1.000
2020-04-13 16:41:01 - acc: 0.964, prec: 1.000, f1: 0.667
2020-04-13 16:41:02 - epoch: 67, phase: val, loss: 0.2694
2020-04-13 16:41:02 - [tp: 0 fn: 8] [fp: 2 tn: 101]
2020-04-13 16:41:02 - tpr: 0.000, tnr: 0.981
2020-04-13 16:41:02 - acc: 0.910, prec: 0.000, f1: -1.000
2020-04-13 16:41:03 - epoch: 68, phase: train, loss: 0.1304
2020-04-13 16:41:03 - [tp: 15 fn: 17] [fp: 0 tn: 409]
2020-04-13 16:41:03 - tpr: 0.469, tnr: 1.000
2020-04-13 16:41:03 - acc: 0.961, prec: 1.000, f1: 0.638
2020-04-13 16:41:03 - epoch: 68, phase: val, loss: 0.2850
2020-04-13 16:41:03 - [tp: 0 fn: 8] [fp: 2 tn: 101]
2020-04-13 16:41:03 - tpr: 0.000, tnr: 0.981
2020-04-13 16:41:03 - acc: 0.910, prec: 0.000, f1: -1.000
2020-04-13 16:41:04 - epoch: 69, phase: train, loss: 0.1267
2020-04-13 16:41:04 - [tp: 14 fn: 18] [fp: 0 tn: 409]
2020-04-13 16:41:04 - tpr: 0.438, tnr: 1.000
2020-04-13 16:41:04 - acc: 0.959, prec: 1.000, f1: 0.609
2020-04-13 16:41:04 - epoch: 69, phase: val, loss: 0.2726
2020-04-13 16:41:04 - [tp: 0 fn: 8] [fp: 2 tn: 101]
2020-04-13 16:41:04 - tpr: 0.000, tnr: 0.981
2020-04-13 16:41:04 - acc: 0.910, prec: 0.000, f1: -1.000
2020-04-13 16:41:05 - epoch: 70, phase: train, loss: 0.1274
2020-04-13 16:41:05 - [tp: 15 fn: 17] [fp: 1 tn: 408]
2020-04-13 16:41:05 - tpr: 0.469, tnr: 0.998
2020-04-13 16:41:05 - acc: 0.959, prec: 0.938, f1: 0.625
2020-04-13 16:41:06 - epoch: 70, phase: val, loss: 0.2795
2020-04-13 16:41:06 - [tp: 0 fn: 8] [fp: 2 tn: 101]
2020-04-13 16:41:06 - tpr: 0.000, tnr: 0.981
2020-04-13 16:41:06 - acc: 0.910, prec: 0.000, f1: -1.000
2020-04-13 16:41:06 - epoch: 71, phase: train, loss: 0.1263
2020-04-13 16:41:06 - [tp: 15 fn: 17] [fp: 0 tn: 409]
2020-04-13 16:41:06 - tpr: 0.469, tnr: 1.000
2020-04-13 16:41:06 - acc: 0.961, prec: 1.000, f1: 0.638
2020-04-13 16:41:07 - epoch: 71, phase: val, loss: 0.2829
2020-04-13 16:41:07 - [tp: 0 fn: 8] [fp: 4 tn: 99]
2020-04-13 16:41:07 - tpr: 0.000, tnr: 0.961
2020-04-13 16:41:07 - acc: 0.892, prec: 0.000, f1: -1.000
2020-04-13 16:41:08 - epoch: 72, phase: train, loss: 0.1281
2020-04-13 16:41:08 - [tp: 15 fn: 17] [fp: 0 tn: 409]
2020-04-13 16:41:08 - tpr: 0.469, tnr: 1.000
2020-04-13 16:41:08 - acc: 0.961, prec: 1.000, f1: 0.638
2020-04-13 16:41:08 - epoch: 72, phase: val, loss: 0.2747
2020-04-13 16:41:08 - [tp: 0 fn: 8] [fp: 2 tn: 101]
2020-04-13 16:41:08 - tpr: 0.000, tnr: 0.981
2020-04-13 16:41:08 - acc: 0.910, prec: 0.000, f1: -1.000
2020-04-13 16:41:09 - epoch: 73, phase: train, loss: 0.1241
2020-04-13 16:41:09 - [tp: 16 fn: 16] [fp: 0 tn: 409]
2020-04-13 16:41:09 - tpr: 0.500, tnr: 1.000
2020-04-13 16:41:09 - acc: 0.964, prec: 1.000, f1: 0.667
2020-04-13 16:41:09 - epoch: 73, phase: val, loss: 0.2689
2020-04-13 16:41:09 - [tp: 0 fn: 8] [fp: 2 tn: 101]
2020-04-13 16:41:09 - tpr: 0.000, tnr: 0.981
2020-04-13 16:41:09 - acc: 0.910, prec: 0.000, f1: -1.000
2020-04-13 16:41:10 - epoch: 74, phase: train, loss: 0.1248
2020-04-13 16:41:10 - [tp: 15 fn: 17] [fp: 0 tn: 409]
2020-04-13 16:41:10 - tpr: 0.469, tnr: 1.000
2020-04-13 16:41:10 - acc: 0.961, prec: 1.000, f1: 0.638
2020-04-13 16:41:11 - epoch: 74, phase: val, loss: 0.2807
2020-04-13 16:41:11 - [tp: 0 fn: 8] [fp: 2 tn: 101]
2020-04-13 16:41:11 - tpr: 0.000, tnr: 0.981
2020-04-13 16:41:11 - acc: 0.910, prec: 0.000, f1: -1.000
2020-04-13 16:41:12 - epoch: 75, phase: train, loss: 0.1242
2020-04-13 16:41:12 - [tp: 16 fn: 16] [fp: 0 tn: 409]
2020-04-13 16:41:12 - tpr: 0.500, tnr: 1.000
2020-04-13 16:41:12 - acc: 0.964, prec: 1.000, f1: 0.667
2020-04-13 16:41:12 - epoch: 75, phase: val, loss: 0.2785
2020-04-13 16:41:12 - [tp: 0 fn: 8] [fp: 2 tn: 101]
2020-04-13 16:41:12 - tpr: 0.000, tnr: 0.981
2020-04-13 16:41:12 - acc: 0.910, prec: 0.000, f1: -1.000
2020-04-13 16:41:13 - epoch: 76, phase: train, loss: 0.1249
2020-04-13 16:41:13 - [tp: 14 fn: 18] [fp: 0 tn: 409]
2020-04-13 16:41:13 - tpr: 0.438, tnr: 1.000
2020-04-13 16:41:13 - acc: 0.959, prec: 1.000, f1: 0.609
2020-04-13 16:41:13 - epoch: 76, phase: val, loss: 0.2885
2020-04-13 16:41:13 - [tp: 0 fn: 8] [fp: 2 tn: 101]
2020-04-13 16:41:13 - tpr: 0.000, tnr: 0.981
2020-04-13 16:41:13 - acc: 0.910, prec: 0.000, f1: -1.000
2020-04-13 16:41:14 - epoch: 77, phase: train, loss: 0.1244
2020-04-13 16:41:14 - [tp: 15 fn: 17] [fp: 0 tn: 409]
2020-04-13 16:41:14 - tpr: 0.469, tnr: 1.000
2020-04-13 16:41:14 - acc: 0.961, prec: 1.000, f1: 0.638
2020-04-13 16:41:15 - epoch: 77, phase: val, loss: 0.2790
2020-04-13 16:41:15 - [tp: 0 fn: 8] [fp: 3 tn: 100]
2020-04-13 16:41:15 - tpr: 0.000, tnr: 0.971
2020-04-13 16:41:15 - acc: 0.901, prec: 0.000, f1: -1.000
2020-04-13 16:41:16 - epoch: 78, phase: train, loss: 0.1218
2020-04-13 16:41:16 - [tp: 16 fn: 16] [fp: 1 tn: 408]
2020-04-13 16:41:16 - tpr: 0.500, tnr: 0.998
2020-04-13 16:41:16 - acc: 0.961, prec: 0.941, f1: 0.653
2020-04-13 16:41:16 - epoch: 78, phase: val, loss: 0.2776
2020-04-13 16:41:16 - [tp: 0 fn: 8] [fp: 2 tn: 101]
2020-04-13 16:41:16 - tpr: 0.000, tnr: 0.981
2020-04-13 16:41:16 - acc: 0.910, prec: 0.000, f1: -1.000
2020-04-13 16:41:17 - epoch: 79, phase: train, loss: 0.1214
2020-04-13 16:41:17 - [tp: 17 fn: 15] [fp: 0 tn: 409]
2020-04-13 16:41:17 - tpr: 0.531, tnr: 1.000
2020-04-13 16:41:17 - acc: 0.966, prec: 1.000, f1: 0.694
2020-04-13 16:41:17 - epoch: 79, phase: val, loss: 0.2747
2020-04-13 16:41:17 - [tp: 0 fn: 8] [fp: 2 tn: 101]
2020-04-13 16:41:17 - tpr: 0.000, tnr: 0.981
2020-04-13 16:41:17 - acc: 0.910, prec: 0.000, f1: -1.000
2020-04-13 16:41:18 - epoch: 80, phase: train, loss: 0.1206
2020-04-13 16:41:18 - [tp: 14 fn: 18] [fp: 0 tn: 409]
2020-04-13 16:41:18 - tpr: 0.438, tnr: 1.000
2020-04-13 16:41:18 - acc: 0.959, prec: 1.000, f1: 0.609
2020-04-13 16:41:19 - epoch: 80, phase: val, loss: 0.2878
2020-04-13 16:41:19 - [tp: 0 fn: 8] [fp: 2 tn: 101]
2020-04-13 16:41:19 - tpr: 0.000, tnr: 0.981
2020-04-13 16:41:19 - acc: 0.910, prec: 0.000, f1: -1.000
2020-04-13 16:41:20 - epoch: 81, phase: train, loss: 0.1198
2020-04-13 16:41:20 - [tp: 14 fn: 18] [fp: 0 tn: 409]
2020-04-13 16:41:20 - tpr: 0.438, tnr: 1.000
2020-04-13 16:41:20 - acc: 0.959, prec: 1.000, f1: 0.609
2020-04-13 16:41:20 - epoch: 81, phase: val, loss: 0.2845
2020-04-13 16:41:20 - [tp: 0 fn: 8] [fp: 2 tn: 101]
2020-04-13 16:41:20 - tpr: 0.000, tnr: 0.981
2020-04-13 16:41:20 - acc: 0.910, prec: 0.000, f1: -1.000
2020-04-13 16:41:21 - epoch: 82, phase: train, loss: 0.1184
2020-04-13 16:41:21 - [tp: 16 fn: 16] [fp: 0 tn: 409]
2020-04-13 16:41:21 - tpr: 0.500, tnr: 1.000
2020-04-13 16:41:21 - acc: 0.964, prec: 1.000, f1: 0.667
2020-04-13 16:41:21 - epoch: 82, phase: val, loss: 0.2943
2020-04-13 16:41:21 - [tp: 0 fn: 8] [fp: 2 tn: 101]
2020-04-13 16:41:21 - tpr: 0.000, tnr: 0.981
2020-04-13 16:41:21 - acc: 0.910, prec: 0.000, f1: -1.000
2020-04-13 16:41:22 - epoch: 83, phase: train, loss: 0.1168
2020-04-13 16:41:22 - [tp: 16 fn: 16] [fp: 0 tn: 409]
2020-04-13 16:41:22 - tpr: 0.500, tnr: 1.000
2020-04-13 16:41:22 - acc: 0.964, prec: 1.000, f1: 0.667
2020-04-13 16:41:23 - epoch: 83, phase: val, loss: 0.2818
2020-04-13 16:41:23 - [tp: 0 fn: 8] [fp: 3 tn: 100]
2020-04-13 16:41:23 - tpr: 0.000, tnr: 0.971
2020-04-13 16:41:23 - acc: 0.901, prec: 0.000, f1: -1.000
2020-04-13 16:41:23 - epoch: 84, phase: train, loss: 0.1165
2020-04-13 16:41:23 - [tp: 16 fn: 16] [fp: 0 tn: 409]
2020-04-13 16:41:23 - tpr: 0.500, tnr: 1.000
2020-04-13 16:41:23 - acc: 0.964, prec: 1.000, f1: 0.667
2020-04-13 16:41:24 - epoch: 84, phase: val, loss: 0.3077
2020-04-13 16:41:24 - [tp: 0 fn: 8] [fp: 4 tn: 99]
2020-04-13 16:41:24 - tpr: 0.000, tnr: 0.961
2020-04-13 16:41:24 - acc: 0.892, prec: 0.000, f1: -1.000
2020-04-13 16:41:25 - epoch: 85, phase: train, loss: 0.1208
2020-04-13 16:41:25 - [tp: 15 fn: 17] [fp: 1 tn: 408]
2020-04-13 16:41:25 - tpr: 0.469, tnr: 0.998
2020-04-13 16:41:25 - acc: 0.959, prec: 0.938, f1: 0.625
2020-04-13 16:41:25 - epoch: 85, phase: val, loss: 0.2768
2020-04-13 16:41:25 - [tp: 0 fn: 8] [fp: 3 tn: 100]
2020-04-13 16:41:25 - tpr: 0.000, tnr: 0.971
2020-04-13 16:41:25 - acc: 0.901, prec: 0.000, f1: -1.000
2020-04-13 16:41:26 - epoch: 86, phase: train, loss: 0.1148
2020-04-13 16:41:26 - [tp: 16 fn: 16] [fp: 1 tn: 408]
2020-04-13 16:41:26 - tpr: 0.500, tnr: 0.998
2020-04-13 16:41:26 - acc: 0.961, prec: 0.941, f1: 0.653
2020-04-13 16:41:26 - epoch: 86, phase: val, loss: 0.2826
2020-04-13 16:41:26 - [tp: 0 fn: 8] [fp: 3 tn: 100]
2020-04-13 16:41:26 - tpr: 0.000, tnr: 0.971
2020-04-13 16:41:26 - acc: 0.901, prec: 0.000, f1: -1.000
2020-04-13 16:41:27 - epoch: 87, phase: train, loss: 0.1161
2020-04-13 16:41:27 - [tp: 15 fn: 17] [fp: 0 tn: 409]
2020-04-13 16:41:27 - tpr: 0.469, tnr: 1.000
2020-04-13 16:41:27 - acc: 0.961, prec: 1.000, f1: 0.638
2020-04-13 16:41:28 - epoch: 87, phase: val, loss: 0.2771
2020-04-13 16:41:28 - [tp: 0 fn: 8] [fp: 3 tn: 100]
2020-04-13 16:41:28 - tpr: 0.000, tnr: 0.971
2020-04-13 16:41:28 - acc: 0.901, prec: 0.000, f1: -1.000
2020-04-13 16:41:29 - epoch: 88, phase: train, loss: 0.1138
2020-04-13 16:41:29 - [tp: 17 fn: 15] [fp: 0 tn: 409]
2020-04-13 16:41:29 - tpr: 0.531, tnr: 1.000
2020-04-13 16:41:29 - acc: 0.966, prec: 1.000, f1: 0.694
2020-04-13 16:41:29 - epoch: 88, phase: val, loss: 0.2902
2020-04-13 16:41:29 - [tp: 0 fn: 8] [fp: 3 tn: 100]
2020-04-13 16:41:29 - tpr: 0.000, tnr: 0.971
2020-04-13 16:41:29 - acc: 0.901, prec: 0.000, f1: -1.000
2020-04-13 16:41:30 - epoch: 89, phase: train, loss: 0.1136
2020-04-13 16:41:30 - [tp: 19 fn: 13] [fp: 0 tn: 409]
2020-04-13 16:41:30 - tpr: 0.594, tnr: 1.000
2020-04-13 16:41:30 - acc: 0.971, prec: 1.000, f1: 0.745
2020-04-13 16:41:30 - epoch: 89, phase: val, loss: 0.2817
2020-04-13 16:41:30 - [tp: 0 fn: 8] [fp: 3 tn: 100]
2020-04-13 16:41:30 - tpr: 0.000, tnr: 0.971
2020-04-13 16:41:30 - acc: 0.901, prec: 0.000, f1: -1.000
2020-04-13 16:41:31 - epoch: 90, phase: train, loss: 0.1122
2020-04-13 16:41:31 - [tp: 16 fn: 16] [fp: 0 tn: 409]
2020-04-13 16:41:31 - tpr: 0.500, tnr: 1.000
2020-04-13 16:41:31 - acc: 0.964, prec: 1.000, f1: 0.667
2020-04-13 16:41:32 - epoch: 90, phase: val, loss: 0.3041
2020-04-13 16:41:32 - [tp: 0 fn: 8] [fp: 3 tn: 100]
2020-04-13 16:41:32 - tpr: 0.000, tnr: 0.971
2020-04-13 16:41:32 - acc: 0.901, prec: 0.000, f1: -1.000
2020-04-13 16:41:32 - epoch: 91, phase: train, loss: 0.1122
2020-04-13 16:41:32 - [tp: 18 fn: 14] [fp: 0 tn: 409]
2020-04-13 16:41:32 - tpr: 0.562, tnr: 1.000
2020-04-13 16:41:32 - acc: 0.968, prec: 1.000, f1: 0.720
2020-04-13 16:41:33 - epoch: 91, phase: val, loss: 0.2767
2020-04-13 16:41:33 - [tp: 0 fn: 8] [fp: 3 tn: 100]
2020-04-13 16:41:33 - tpr: 0.000, tnr: 0.971
2020-04-13 16:41:33 - acc: 0.901, prec: 0.000, f1: -1.000
2020-04-13 16:41:34 - epoch: 92, phase: train, loss: 0.1123
2020-04-13 16:41:34 - [tp: 16 fn: 16] [fp: 0 tn: 409]
2020-04-13 16:41:34 - tpr: 0.500, tnr: 1.000
2020-04-13 16:41:34 - acc: 0.964, prec: 1.000, f1: 0.667
2020-04-13 16:41:34 - epoch: 92, phase: val, loss: 0.2833
2020-04-13 16:41:34 - [tp: 0 fn: 8] [fp: 3 tn: 100]
2020-04-13 16:41:34 - tpr: 0.000, tnr: 0.971
2020-04-13 16:41:34 - acc: 0.901, prec: 0.000, f1: -1.000
2020-04-13 16:41:35 - epoch: 93, phase: train, loss: 0.1105
2020-04-13 16:41:35 - [tp: 16 fn: 16] [fp: 0 tn: 409]
2020-04-13 16:41:35 - tpr: 0.500, tnr: 1.000
2020-04-13 16:41:35 - acc: 0.964, prec: 1.000, f1: 0.667
2020-04-13 16:41:35 - epoch: 93, phase: val, loss: 0.2840
2020-04-13 16:41:35 - [tp: 0 fn: 8] [fp: 3 tn: 100]
2020-04-13 16:41:35 - tpr: 0.000, tnr: 0.971
2020-04-13 16:41:35 - acc: 0.901, prec: 0.000, f1: -1.000
2020-04-13 16:41:36 - epoch: 94, phase: train, loss: 0.1083
2020-04-13 16:41:36 - [tp: 17 fn: 15] [fp: 0 tn: 409]
2020-04-13 16:41:36 - tpr: 0.531, tnr: 1.000
2020-04-13 16:41:36 - acc: 0.966, prec: 1.000, f1: 0.694
2020-04-13 16:41:37 - epoch: 94, phase: val, loss: 0.3025
2020-04-13 16:41:37 - [tp: 0 fn: 8] [fp: 3 tn: 100]
2020-04-13 16:41:37 - tpr: 0.000, tnr: 0.971
2020-04-13 16:41:37 - acc: 0.901, prec: 0.000, f1: -1.000
2020-04-13 16:41:38 - epoch: 95, phase: train, loss: 0.1096
2020-04-13 16:41:38 - [tp: 17 fn: 15] [fp: 0 tn: 409]
2020-04-13 16:41:38 - tpr: 0.531, tnr: 1.000
2020-04-13 16:41:38 - acc: 0.966, prec: 1.000, f1: 0.694
2020-04-13 16:41:38 - epoch: 95, phase: val, loss: 0.2829
2020-04-13 16:41:38 - [tp: 0 fn: 8] [fp: 3 tn: 100]
2020-04-13 16:41:38 - tpr: 0.000, tnr: 0.971
2020-04-13 16:41:38 - acc: 0.901, prec: 0.000, f1: -1.000
2020-04-13 16:41:39 - epoch: 96, phase: train, loss: 0.1071
2020-04-13 16:41:39 - [tp: 17 fn: 15] [fp: 1 tn: 408]
2020-04-13 16:41:39 - tpr: 0.531, tnr: 0.998
2020-04-13 16:41:39 - acc: 0.964, prec: 0.944, f1: 0.680
2020-04-13 16:41:39 - epoch: 96, phase: val, loss: 0.2989
2020-04-13 16:41:39 - [tp: 0 fn: 8] [fp: 3 tn: 100]
2020-04-13 16:41:39 - tpr: 0.000, tnr: 0.971
2020-04-13 16:41:39 - acc: 0.901, prec: 0.000, f1: -1.000
2020-04-13 16:41:40 - epoch: 97, phase: train, loss: 0.1095
2020-04-13 16:41:40 - [tp: 17 fn: 15] [fp: 0 tn: 409]
2020-04-13 16:41:40 - tpr: 0.531, tnr: 1.000
2020-04-13 16:41:40 - acc: 0.966, prec: 1.000, f1: 0.694
2020-04-13 16:41:41 - epoch: 97, phase: val, loss: 0.2980
2020-04-13 16:41:41 - [tp: 0 fn: 8] [fp: 3 tn: 100]
2020-04-13 16:41:41 - tpr: 0.000, tnr: 0.971
2020-04-13 16:41:41 - acc: 0.901, prec: 0.000, f1: -1.000
2020-04-13 16:41:41 - epoch: 98, phase: train, loss: 0.1094
2020-04-13 16:41:41 - [tp: 18 fn: 14] [fp: 0 tn: 409]
2020-04-13 16:41:41 - tpr: 0.562, tnr: 1.000
2020-04-13 16:41:41 - acc: 0.968, prec: 1.000, f1: 0.720
2020-04-13 16:41:42 - epoch: 98, phase: val, loss: 0.2854
2020-04-13 16:41:42 - [tp: 0 fn: 8] [fp: 3 tn: 100]
2020-04-13 16:41:42 - tpr: 0.000, tnr: 0.971
2020-04-13 16:41:42 - acc: 0.901, prec: 0.000, f1: -1.000
2020-04-13 16:41:43 - epoch: 99, phase: train, loss: 0.1104
2020-04-13 16:41:43 - [tp: 17 fn: 15] [fp: 0 tn: 409]
2020-04-13 16:41:43 - tpr: 0.531, tnr: 1.000
2020-04-13 16:41:43 - acc: 0.966, prec: 1.000, f1: 0.694
2020-04-13 16:41:43 - epoch: 99, phase: val, loss: 0.3113
2020-04-13 16:41:43 - [tp: 1 fn: 7] [fp: 2 tn: 101]
2020-04-13 16:41:43 - tpr: 0.125, tnr: 0.981
2020-04-13 16:41:43 - acc: 0.919, prec: 0.333, f1: 0.182
2020-04-13 16:41:44 - epoch: 100, phase: train, loss: 0.1096
2020-04-13 16:41:44 - [tp: 18 fn: 14] [fp: 1 tn: 408]
2020-04-13 16:41:44 - tpr: 0.562, tnr: 0.998
2020-04-13 16:41:44 - acc: 0.966, prec: 0.947, f1: 0.706
2020-04-13 16:41:45 - epoch: 100, phase: val, loss: 0.3020
2020-04-13 16:41:45 - [tp: 1 fn: 7] [fp: 3 tn: 100]
2020-04-13 16:41:45 - tpr: 0.125, tnr: 0.971
2020-04-13 16:41:45 - acc: 0.910, prec: 0.250, f1: 0.167
